#
# There is insufficient memory for the Java Runtime Environment to continue.
# Native memory allocation (mmap) failed to map 132120576 bytes. Error detail: G1 virtual space
# Possible reasons:
#   The system is out of physical RAM or swap space
#   This process is running with CompressedOops enabled, and the Java Heap may be blocking the growth of the native heap
# Possible solutions:
#   Reduce memory load on the system
#   Increase physical memory or swap space
#   Check if swap backing store is full
#   Decrease Java heap size (-Xmx/-Xms)
#   Decrease number of Java threads
#   Decrease Java thread stack sizes (-Xss)
#   Set larger code cache with -XX:ReservedCodeCacheSize=
#   JVM is running with Unscaled Compressed Oops mode in which the Java heap is
#     placed in the first 4GB address space. The Java Heap base address is the
#     maximum limit for the native heap growth. Please use -XX:HeapBaseMinAddress
#     to set the Java Heap base and to place the Java Heap above 4GB virtual address.
# This output file may be truncated or incomplete.
#
#  Out of Memory Error (os_windows.cpp:3614), pid=3336, tid=6152
#
# JRE version:  (17.0.13+11) (build )
# Java VM: OpenJDK 64-Bit Server VM (17.0.13+11-LTS, mixed mode, emulated-client, sharing, tiered, compressed oops, compressed class ptrs, g1 gc, windows-amd64)
# No core dump will be written. Minidumps are not enabled by default on client versions of Windows
#

---------------  S U M M A R Y ------------

Command Line: -XX:TieredStopAtLevel=1 -Dspring.output.ansi.enabled=always -Dcom.sun.management.jmxremote -Dspring.jmx.enabled=true -Dspring.liveBeansView.mbeanDomain -Dspring.application.admin.enabled=true -Dmanagement.endpoints.jmx.exposure.include=* -javaagent:C:\Program Files\JetBrains\IntelliJ IDEA 2024.2.3\lib\idea_rt.jar=64907:C:\Program Files\JetBrains\IntelliJ IDEA 2024.2.3\bin -Dfile.encoding=UTF-8 com.hammer.hammer.Application

Host: 11th Gen Intel(R) Core(TM) i5-1135G7 @ 2.40GHz, 8 cores, 7G,  Windows 11 , 64 bit Build 22621 (10.0.22621.4391)
Time: Thu Dec 12 17:14:47 2024  Windows 11 , 64 bit Build 22621 (10.0.22621.4391) elapsed time: 0.028046 seconds (0d 0h 0m 0s)

---------------  T H R E A D  ---------------

Current thread (0x000001f0daaa4940):  JavaThread "Unknown thread" [_thread_in_vm, id=6152, stack(0x0000004844f00000,0x0000004845000000)]

Stack: [0x0000004844f00000,0x0000004845000000]
Native frames: (J=compiled Java code, j=interpreted, Vv=VM code, C=native code)
V  [jvm.dll+0x680c19]
V  [jvm.dll+0x83888a]
V  [jvm.dll+0x83a34e]
V  [jvm.dll+0x83a9b3]
V  [jvm.dll+0x2481af]
V  [jvm.dll+0x67d959]
V  [jvm.dll+0x67242a]
V  [jvm.dll+0x30813b]
V  [jvm.dll+0x30f626]
V  [jvm.dll+0x35f94e]
V  [jvm.dll+0x35fb8f]
V  [jvm.dll+0x2df0ec]
V  [jvm.dll+0x2e0044]
V  [jvm.dll+0x80a04b]
V  [jvm.dll+0x36d6c1]
V  [jvm.dll+0x7e8975]
V  [jvm.dll+0x3f109f]
V  [jvm.dll+0x3f2c11]
C  [jli.dll+0x52ab]
C  [ucrtbase.dll+0x29333]
C  [KERNEL32.DLL+0x1259d]
C  [ntdll.dll+0x5af38]


---------------  P R O C E S S  ---------------

Threads class SMR info:
_java_thread_list=0x00007ff98f108f58, length=0, elements={
}

Java Threads: ( => current thread )

Other Threads:
  0x000001f0daafecc0 GCTaskThread "GC Thread#0" [stack: 0x0000004845000000,0x0000004845100000] [id=11040]
  0x000001f0dab0fb60 ConcurrentGCThread "G1 Main Marker" [stack: 0x0000004845100000,0x0000004845200000] [id=6080]
  0x000001f0dab10d20 ConcurrentGCThread "G1 Conc#0" [stack: 0x0000004845200000,0x0000004845300000] [id=29924]

[error occurred during error reporting (printing all threads), id 0xc0000005, EXCEPTION_ACCESS_VIOLATION (0xc0000005) at pc=0x00007ff98e8bf827]

VM state: not at safepoint (not fully initialized)

VM Mutex/Monitor currently owned by a thread:  ([mutex/lock_event])
[0x000001f0daa9fc00] Heap_lock - owner thread: 0x000001f0daaa4940

Heap address: 0x0000000083600000, size: 1994 MB, Compressed Oops mode: 32-bit

CDS archive(s) mapped at: [0x0000000000000000-0x0000000000000000-0x0000000000000000), size 0, SharedBaseAddress: 0x0000000800000000, ArchiveRelocationMode: 1.
Narrow klass base: 0x0000000000000000, Narrow klass shift: 0, Narrow klass range: 0x0

GC Precious Log:
<Empty>

Heap:
 garbage-first heap   total 0K, used 0K [0x0000000083600000, 0x0000000100000000)
  region size 1024K, 0 young (0K), 0 survivors (0K)

[error occurred during error reporting (printing heap information), id 0xc0000005, EXCEPTION_ACCESS_VIOLATION (0xc0000005) at pc=0x00007ff98eca9e69]

GC Heap History (0 events):
No events

Dll operation events (1 events):
Event: 0.018 Loaded shared library C:\Users\jeonghak\.jdks\corretto-17.0.13\bin\java.dll

Deoptimization events (0 events):
No events

Classes loaded (0 events):
No events

Classes unloaded (0 events):
No events

Classes redefined (0 events):
No events

Internal exceptions (0 events):
No events

VM Operations (0 events):
No events

Memory protections (0 events):
No events

Nmethod flushes (0 events):
No events

Events (0 events):
No events


Dynamic libraries:
0x00007ff7626a0000 - 0x00007ff7626ae000 	C:\Users\jeonghak\.jdks\corretto-17.0.13\bin\java.exe
0x00007ffa0de50000 - 0x00007ffa0e067000 	C:\WINDOWS\SYSTEM32\ntdll.dll
0x00007ffa0d290000 - 0x00007ffa0d354000 	C:\WINDOWS\System32\KERNEL32.DLL
0x00007ffa0b7b0000 - 0x00007ffa0bb69000 	C:\WINDOWS\System32\KERNELBASE.dll
0x00007ffa0b690000 - 0x00007ffa0b7a1000 	C:\WINDOWS\System32\ucrtbase.dll
0x00007ff9ee700000 - 0x00007ff9ee71b000 	C:\Users\jeonghak\.jdks\corretto-17.0.13\bin\VCRUNTIME140.dll
0x00007ffa01b80000 - 0x00007ffa01b97000 	C:\Users\jeonghak\.jdks\corretto-17.0.13\bin\jli.dll
0x00007ffa0bc70000 - 0x00007ffa0be1e000 	C:\WINDOWS\System32\USER32.dll
0x00007ffa0b150000 - 0x00007ffa0b176000 	C:\WINDOWS\System32\win32u.dll
0x00007ffa0bc40000 - 0x00007ffa0bc69000 	C:\WINDOWS\System32\GDI32.dll
0x00007ff9f1620000 - 0x00007ff9f18b2000 	C:\WINDOWS\WinSxS\amd64_microsoft.windows.common-controls_6595b64144ccf1df_6.0.22621.4391_none_2715d37f73803e96\COMCTL32.dll
0x00007ffa0d420000 - 0x00007ffa0d4c7000 	C:\WINDOWS\System32\msvcrt.dll
0x00007ffa0b380000 - 0x00007ffa0b49b000 	C:\WINDOWS\System32\gdi32full.dll
0x00007ffa0b220000 - 0x00007ffa0b2ba000 	C:\WINDOWS\System32\msvcp_win.dll
0x00007ffa0d980000 - 0x00007ffa0d9b1000 	C:\WINDOWS\System32\IMM32.DLL
0x00007ff9ff470000 - 0x00007ff9ff47c000 	C:\Users\jeonghak\.jdks\corretto-17.0.13\bin\vcruntime140_1.dll
0x00007ff9d1360000 - 0x00007ff9d13ed000 	C:\Users\jeonghak\.jdks\corretto-17.0.13\bin\msvcp140.dll
0x00007ff98e5d0000 - 0x00007ff98f23c000 	C:\Users\jeonghak\.jdks\corretto-17.0.13\bin\server\jvm.dll
0x00007ffa0d360000 - 0x00007ffa0d412000 	C:\WINDOWS\System32\ADVAPI32.dll
0x00007ffa0dd60000 - 0x00007ffa0de07000 	C:\WINDOWS\System32\sechost.dll
0x00007ffa0b1f0000 - 0x00007ffa0b218000 	C:\WINDOWS\System32\bcrypt.dll
0x00007ffa0d4d0000 - 0x00007ffa0d5e4000 	C:\WINDOWS\System32\RPCRT4.dll
0x00007ffa0bf90000 - 0x00007ffa0c001000 	C:\WINDOWS\System32\WS2_32.dll
0x00007ffa01ae0000 - 0x00007ffa01b14000 	C:\WINDOWS\SYSTEM32\WINMM.dll
0x00007ffa09fe0000 - 0x00007ffa0a02d000 	C:\WINDOWS\SYSTEM32\POWRPROF.dll
0x00007ff9fede0000 - 0x00007ff9fedea000 	C:\WINDOWS\SYSTEM32\VERSION.dll
0x00007ffa09fc0000 - 0x00007ffa09fd3000 	C:\WINDOWS\SYSTEM32\UMPDC.dll
0x00007ffa0a280000 - 0x00007ffa0a298000 	C:\WINDOWS\SYSTEM32\kernel.appcore.dll
0x00007ff9f44e0000 - 0x00007ff9f44ea000 	C:\Users\jeonghak\.jdks\corretto-17.0.13\bin\jimage.dll
0x00007ffa08520000 - 0x00007ffa08752000 	C:\WINDOWS\SYSTEM32\DBGHELP.DLL
0x00007ffa0d5f0000 - 0x00007ffa0d97f000 	C:\WINDOWS\System32\combase.dll
0x00007ffa0da70000 - 0x00007ffa0db47000 	C:\WINDOWS\System32\OLEAUT32.dll
0x00007ff9f9610000 - 0x00007ff9f9642000 	C:\WINDOWS\SYSTEM32\dbgcore.DLL
0x00007ffa0b610000 - 0x00007ffa0b68b000 	C:\WINDOWS\System32\bcryptPrimitives.dll
0x00007ff9e9e10000 - 0x00007ff9e9e1e000 	C:\Users\jeonghak\.jdks\corretto-17.0.13\bin\instrument.dll
0x00007ff9e9d90000 - 0x00007ff9e9db5000 	C:\Users\jeonghak\.jdks\corretto-17.0.13\bin\java.dll

dbghelp: loaded successfully - version: 4.0.5 - missing functions: none
symbol engine: initialized successfully - sym options: 0x614 - pdb path: .;C:\Users\jeonghak\.jdks\corretto-17.0.13\bin;C:\WINDOWS\SYSTEM32;C:\WINDOWS\WinSxS\amd64_microsoft.windows.common-controls_6595b64144ccf1df_6.0.22621.4391_none_2715d37f73803e96;C:\Users\jeonghak\.jdks\corretto-17.0.13\bin\server

VM Arguments:
jvm_args: -XX:TieredStopAtLevel=1 -Dspring.output.ansi.enabled=always -Dcom.sun.management.jmxremote -Dspring.jmx.enabled=true -Dspring.liveBeansView.mbeanDomain -Dspring.application.admin.enabled=true -Dmanagement.endpoints.jmx.exposure.include=* -javaagent:C:\Program Files\JetBrains\IntelliJ IDEA 2024.2.3\lib\idea_rt.jar=64907:C:\Program Files\JetBrains\IntelliJ IDEA 2024.2.3\bin -Dfile.encoding=UTF-8 
java_command: com.hammer.hammer.Application
java_class_path (initial): C:\Users\jeonghak\IdeaProjects\hammer_market\build\classes\java\main;C:\Users\jeonghak\IdeaProjects\hammer_market\build\resources\main;C:\Users\jeonghak\.gradle\caches\modules-2\files-2.1\org.projectlombok\lombok\1.18.36\5a30490a6e14977d97d9c73c924c1f1b5311ea95\lombok-1.18.36.jar;C:\Users\jeonghak\.gradle\caches\modules-2\files-2.1\org.springframework.boot\spring-boot-starter-data-jpa\3.4.0\c6e24cab029e2b2ef36c4a5a5b1a82dbaa9d18c0\spring-boot-starter-data-jpa-3.4.0.jar;C:\Users\jeonghak\.gradle\caches\modules-2\files-2.1\org.springframework.boot\spring-boot-starter-security\3.4.0\b4027ba9875f9d78ffec7010da88c1e5b964d6ed\spring-boot-starter-security-3.4.0.jar;C:\Users\jeonghak\.gradle\caches\modules-2\files-2.1\org.springframework.boot\spring-boot-starter-thymeleaf\3.4.0\1ec7fdf829d485800146ec333d6e30af9fbc4830\spring-boot-starter-thymeleaf-3.4.0.jar;C:\Users\jeonghak\.gradle\caches\modules-2\files-2.1\org.springframework.boot\spring-boot-starter-validation\3.4.0\580aad0cdaf9d9f862e9703a612db95846055843\spring-boot-starter-validation-3.4.0.jar;C:\Users\jeonghak\.gradle\caches\modules-2\files-2.1\org.springframework.boot\spring-boot-starter-websocket\3.4.0\212614049d7748372e4aace3089228591b1c2dba\spring-boot-starter-websocket-3.4.0.jar;C:\Users\jeonghak\.gradle\caches\modules-2\files-2.1\org.springframework.boot\spring-boot-starter-web\3.4.0\5447a62dc3dee3eadf2def23314e0db4c81bb3\spring-boot-starter-web-3.4.0.jar;C:\Users\jeonghak\.gradle\caches\modules-2\files-2.1\org.thymeleaf.extras\thymeleaf-extras-springsecurity6\3.1.2.RELEASE\574c188eb147191e2f162419e9fc780fcf3256d7\thymeleaf-extras-springsecurity6-3.1.2.RELEASE.jar;C:\Users\jeonghak\.gradle\caches\modules-2\files-2.1\org.springframework.boot\spring-boot-starter-data-mongodb\3.4.0\7285aa863f5d8f075dbb273674409fe0013a62a0\spring-boot-starter-data-mongodb-3.4.0.jar;C:\Users\jeonghak\.gradle\caches\modules-2\files-2.1\org.springframework.boot\spring-boot-starter-data-mongodb-reactive\3.
Launcher Type: SUN_STANDARD

[Global flags]
     intx CICompilerCount                          = 4                                         {product} {ergonomic}
     uint ConcGCThreads                            = 2                                         {product} {ergonomic}
     uint G1ConcRefinementThreads                  = 8                                         {product} {ergonomic}
   size_t G1HeapRegionSize                         = 1048576                                   {product} {ergonomic}
    uintx GCDrainStackTargetSize                   = 64                                        {product} {ergonomic}
   size_t InitialHeapSize                          = 132120576                                 {product} {ergonomic}
     bool ManagementServer                         = true                                      {product} {command line}
   size_t MarkStackSize                            = 4194304                                   {product} {ergonomic}
   size_t MaxHeapSize                              = 2090860544                                {product} {ergonomic}
   size_t MinHeapDeltaBytes                        = 1048576                                   {product} {ergonomic}
   size_t MinHeapSize                              = 8388608                                   {product} {ergonomic}
    uintx NonProfiledCodeHeapSize                  = 0                                      {pd product} {ergonomic}
     bool ProfileInterpreter                       = false                                  {pd product} {command line}
    uintx ProfiledCodeHeapSize                     = 0                                      {pd product} {ergonomic}
   size_t SoftMaxHeapSize                          = 2090860544                             {manageable} {ergonomic}
     intx TieredStopAtLevel                        = 1                                         {product} {command line}
     bool UseCompressedClassPointers               = true                           {product lp64_product} {ergonomic}
     bool UseCompressedOops                        = true                           {product lp64_product} {ergonomic}
     bool UseG1GC                                  = true                                      {product} {ergonomic}
     bool UseLargePagesIndividualAllocation        = false                                  {pd product} {ergonomic}

Logging:
Log output configuration:
 #0: stdout all=warning uptime,level,tags
 #1: stderr all=off uptime,level,tags

Environment Variables:
JAVA_HOME=C:\Users\jeonghak\.jdks\corretto-21.0.5
PATH=C:\ProgramData\anaconda3\Library\bin;C:\Strawberry\c\bin;C:\Strawberry\perl\site\bin;C:\Strawberry\perl\bin;C:\Users\jeonghak\.jdks\corretto-21.0.5\bin;C:\ProgramData\chocolatey\bin;C:\Program Files\Git\cmd;C:\Windows\System32\OpenSSH;C:\Program Files\MySQL\MySQL Server 8.0\bin;C:\Program Files\Zulu\zulu-8\bin\;C:\Users\jeonghak\AppData\Local\Programs\Microsoft\jdk-17.0.13.11-hotspot\bin;C:\Users\jeonghak\AppData\Local\Programs\Python\Python311\Scripts\;C:\Users\jeonghak\AppData\Local\Programs\Python\Python311\;C:\Program Files\MySQL\MySQL Shell 8.0\bin\;C:\Users\jeonghak\AppData\Local\Microsoft\WindowsApps;C:\Users\jeonghak\AppData\Local\afreeca;C:\Program Files\JetBrains\PyCharm Community Edition 2023.2.1\bin;C:\Users\jeonghak\AppData\Local\Programs\Microsoft VS Code\bin;C:\Program Files\JetBrains\IntelliJ IDEA Community Edition 2024.1.5\bin;;C:\Program Files\JetBrains\IntelliJ IDEA 2024.2.3\bin;;C:\Windows\System32\OpenSSH;C:\Program Files\MySQL\MySQL Server 8.0\bin;
USERNAME=jeonghak
OS=Windows_NT
PROCESSOR_IDENTIFIER=Intel64 Family 6 Model 140 Stepping 1, GenuineIntel
TMP=C:\Users\jeonghak\AppData\Local\Temp
TEMP=C:\Users\jeonghak\AppData\Local\Temp



Periodic native trim disabled


---------------  S Y S T E M  ---------------

OS:
 Windows 11 , 64 bit Build 22621 (10.0.22621.4391)
OS uptime: 8 days 19:14 hours

CPU: total 8 (initial active 8) (4 cores per cpu, 2 threads per core) family 6 model 140 stepping 1 microcode 0x8a, cx8, cmov, fxsr, ht, mmx, 3dnowpref, sse, sse2, sse3, ssse3, sse4.1, sse4.2, popcnt, lzcnt, tsc, tscinvbit, avx, avx2, aes, erms, clmul, bmi1, bmi2, adx, avx512f, avx512dq, avx512cd, avx512bw, avx512vl, sha, fma, vzeroupper, avx512_vpopcntdq, avx512_vpclmulqdq, avx512_vaes, avx512_vnni, clflush, clflushopt, clwb, avx512_vbmi2, avx512_vbmi
Processor Information for all 8 processors :
  Max Mhz: 2419, Current Mhz: 2419, Mhz Limit: 2419

Memory: 4k page, system-wide physical 7975M (490M free)
TotalPageFile size 32551M (AvailPageFile size 99M)
current process WorkingSet (physical memory assigned to process): 11M, peak: 11M
current process commit charge ("private bytes"): 55M, peak: 181M

vm_info: OpenJDK 64-Bit Server VM (17.0.13+11-LTS) for windows-amd64 JRE (17.0.13+11-LTS), built on Oct 10 2024 19:51:30 by "Administrator" with MS VC++ 16.10 / 16.11 (VS2019)

END.
