#
# There is insufficient memory for the Java Runtime Environment to continue.
# Native memory allocation (mmap) failed to map 219152384 bytes for G1 virtual space
# Possible reasons:
#   The system is out of physical RAM or swap space
#   The process is running with CompressedOops enabled, and the Java Heap may be blocking the growth of the native heap
# Possible solutions:
#   Reduce memory load on the system
#   Increase physical memory or swap space
#   Check if swap backing store is full
#   Decrease Java heap size (-Xmx/-Xms)
#   Decrease number of Java threads
#   Decrease Java thread stack sizes (-Xss)
#   Set larger code cache with -XX:ReservedCodeCacheSize=
#   JVM is running with Unscaled Compressed Oops mode in which the Java heap is
#     placed in the first 4GB address space. The Java Heap base address is the
#     maximum limit for the native heap growth. Please use -XX:HeapBaseMinAddress
#     to set the Java Heap base and to place the Java Heap above 4GB virtual address.
# This output file may be truncated or incomplete.
#
#  Out of Memory Error (os_windows.cpp:3469), pid=22988, tid=13852
#
# JRE version: OpenJDK Runtime Environment (17.0+35) (build 17+35-2724)
# Java VM: OpenJDK 64-Bit Server VM (17+35-2724, mixed mode, emulated-client, sharing, tiered, compressed oops, compressed class ptrs, g1 gc, windows-amd64)
# No core dump will be written. Minidumps are not enabled by default on client versions of Windows
#

---------------  S U M M A R Y ------------

Command Line: -Dcom.sun.management.jmxremote -Dcom.sun.management.jmxremote.port=54490 -Dcom.sun.management.jmxremote.authenticate=false -Dcom.sun.management.jmxremote.ssl=false -Djava.rmi.server.hostname=localhost -Dspring.jmx.enabled=true -Dmanagement.endpoints.jmx.exposure.include=* -Dspring.application.admin.enabled=true -XX:TieredStopAtLevel=1 -Dspring.boot.project.name=hammer_market_1227a -Dfile.encoding=UTF-8 -Dstdout.encoding=UTF-8 -Dstderr.encoding=UTF-8 -XX:+ShowCodeDetailsInExceptionMessages com.hammer.hammer.Application --spring.output.ansi.enabled=always

Host: 11th Gen Intel(R) Core(TM) i5-1135G7 @ 2.40GHz, 8 cores, 7G,  Windows 10 , 64 bit Build 19041 (10.0.19041.5198)
Time: Tue Dec 31 17:57:50 2024  Windows 10 , 64 bit Build 19041 (10.0.19041.5198) elapsed time: 42.211950 seconds (0d 0h 0m 42s)

---------------  T H R E A D  ---------------

Current thread (0x0000016f5f9c5ea0):  VMThread "VM Thread" [stack: 0x0000001e66000000,0x0000001e66100000] [id=13852]

Stack: [0x0000001e66000000,0x0000001e66100000]
Native frames: (J=compiled Java code, j=interpreted, Vv=VM code, C=native code)
V  [jvm.dll+0x66f8ea]
V  [jvm.dll+0x7ce224]
V  [jvm.dll+0x7cf9ce]
V  [jvm.dll+0x7d0033]
V  [jvm.dll+0x242bb5]
V  [jvm.dll+0x66c909]
V  [jvm.dll+0x6613d2]
V  [jvm.dll+0x30082b]
V  [jvm.dll+0x307db6]
V  [jvm.dll+0x357a0e]
V  [jvm.dll+0x357c3f]
V  [jvm.dll+0x2d7ae8]
V  [jvm.dll+0x2d5db4]
V  [jvm.dll+0x2d53bc]
V  [jvm.dll+0x318d1b]
V  [jvm.dll+0x7d44cb]
V  [jvm.dll+0x7d5204]
V  [jvm.dll+0x7d571c]
V  [jvm.dll+0x7d5af4]
V  [jvm.dll+0x7d5bc0]
V  [jvm.dll+0x77e7ea]
V  [jvm.dll+0x66e715]
C  [ucrtbase.dll+0x21bb2]
C  [KERNEL32.DLL+0x17374]
C  [ntdll.dll+0x4cc91]

VM_Operation (0x0000001e67bfc1a0): G1CollectForAllocation, mode: safepoint, requested by thread 0x0000016f67337bd0


---------------  P R O C E S S  ---------------

Threads class SMR info:
_java_thread_list=0x0000016f671c12e0, length=29, elements={
0x0000016f5f9cc010, 0x0000016f5f9cc8d0, 0x0000016f5f9e0c80, 0x0000016f5f9e1540,
0x0000016f5f9e3e10, 0x0000016f5f9ecae0, 0x0000016f5f9f2c30, 0x0000016f5f9f6550,
0x0000016f5f9b92e0, 0x0000016f604e11a0, 0x0000016f60a771a0, 0x0000016f60a77670,
0x0000016f60a3ca40, 0x0000016f60b48e00, 0x0000016f60b48460, 0x0000016f60b492d0,
0x0000016f60b497a0, 0x0000016f62031980, 0x0000016f62035340, 0x0000016f62035810,
0x0000016f67335ef0, 0x0000016f673380a0, 0x0000016f673333a0, 0x0000016f67337bd0,
0x0000016f67332530, 0x0000016f67332a00, 0x0000016f67337700, 0x0000016f67336d60,
0x0000016f64476c80
}

Java Threads: ( => current thread )
  0x0000016f5f9cc010 JavaThread "Reference Handler" daemon [_thread_blocked, id=26324, stack(0x0000001e66100000,0x0000001e66200000)]
  0x0000016f5f9cc8d0 JavaThread "Finalizer" daemon [_thread_blocked, id=6188, stack(0x0000001e66200000,0x0000001e66300000)]
  0x0000016f5f9e0c80 JavaThread "Signal Dispatcher" daemon [_thread_blocked, id=20316, stack(0x0000001e66300000,0x0000001e66400000)]
  0x0000016f5f9e1540 JavaThread "Attach Listener" daemon [_thread_blocked, id=1788, stack(0x0000001e66400000,0x0000001e66500000)]
  0x0000016f5f9e3e10 JavaThread "Service Thread" daemon [_thread_blocked, id=25068, stack(0x0000001e66500000,0x0000001e66600000)]
  0x0000016f5f9ecae0 JavaThread "Monitor Deflation Thread" daemon [_thread_blocked, id=20968, stack(0x0000001e66600000,0x0000001e66700000)]
  0x0000016f5f9f2c30 JavaThread "C1 CompilerThread0" daemon [_thread_blocked, id=15608, stack(0x0000001e66700000,0x0000001e66800000)]
  0x0000016f5f9f6550 JavaThread "Sweeper thread" daemon [_thread_blocked, id=25396, stack(0x0000001e66800000,0x0000001e66900000)]
  0x0000016f5f9b92e0 JavaThread "Common-Cleaner" daemon [_thread_blocked, id=13968, stack(0x0000001e66900000,0x0000001e66a00000)]
  0x0000016f604e11a0 JavaThread "Notification Thread" daemon [_thread_blocked, id=6920, stack(0x0000001e66d00000,0x0000001e66e00000)]
  0x0000016f60a771a0 JavaThread "RMI TCP Accept-0" daemon [_thread_in_native, id=3532, stack(0x0000001e66e00000,0x0000001e66f00000)]
  0x0000016f60a77670 JavaThread "RMI TCP Accept-54490" daemon [_thread_in_native, id=19244, stack(0x0000001e66f00000,0x0000001e67000000)]
  0x0000016f60a3ca40 JavaThread "RMI TCP Accept-0" daemon [_thread_in_native, id=17236, stack(0x0000001e67000000,0x0000001e67100000)]
  0x0000016f60b48e00 JavaThread "RMI TCP Connection(idle)" daemon [_thread_blocked, id=12120, stack(0x0000001e67d00000,0x0000001e67e00000)]
  0x0000016f60b48460 JavaThread "RMI Scheduler(0)" daemon [_thread_blocked, id=3800, stack(0x0000001e67e00000,0x0000001e67f00000)]
  0x0000016f60b492d0 JavaThread "RMI TCP Connection(idle)" daemon [_thread_blocked, id=25320, stack(0x0000001e67f00000,0x0000001e68000000)]
  0x0000016f60b497a0 JavaThread "JMX server connection timeout 25" daemon [_thread_blocked, id=9468, stack(0x0000001e68000000,0x0000001e68100000)]
  0x0000016f62031980 JavaThread "mysql-cj-abandoned-connection-cleanup" daemon [_thread_blocked, id=6744, stack(0x0000001e68500000,0x0000001e68600000)]
  0x0000016f62035340 JavaThread "Thread-4" daemon [_thread_in_native, id=18652, stack(0x0000001e68900000,0x0000001e68a00000)]
  0x0000016f62035810 JavaThread "BufferPoolPruner-1-thread-1" daemon [_thread_blocked, id=9132, stack(0x0000001e68a00000,0x0000001e68b00000)]
  0x0000016f67335ef0 JavaThread "Live Reload Server" daemon [_thread_in_native, id=13912, stack(0x0000001e69600000,0x0000001e69700000)]
  0x0000016f673380a0 JavaThread "DestroyJavaVM" [_thread_blocked, id=21328, stack(0x0000001e65a00000,0x0000001e65b00000)]
  0x0000016f673333a0 JavaThread "Thread-5" [_thread_blocked, id=5360, stack(0x0000001e66a00000,0x0000001e66b00000)]
  0x0000016f67337bd0 JavaThread "restartedMain" [_thread_blocked, id=24200, stack(0x0000001e67b00000,0x0000001e67c00000)]
  0x0000016f67332530 JavaThread "Catalina-utility-1" [_thread_blocked, id=22216, stack(0x0000001e67c00000,0x0000001e67d00000)]
  0x0000016f67332a00 JavaThread "Catalina-utility-2" [_thread_blocked, id=22900, stack(0x0000001e68100000,0x0000001e68200000)]
  0x0000016f67337700 JavaThread "container-0" [_thread_blocked, id=25256, stack(0x0000001e68200000,0x0000001e68300000)]
  0x0000016f67336d60 JavaThread "HikariPool-2 housekeeper" daemon [_thread_blocked, id=20940, stack(0x0000001e68400000,0x0000001e68500000)]
  0x0000016f64476c80 JavaThread "C1 CompilerThread1" daemon [_thread_blocked, id=17952, stack(0x0000001e68700000,0x0000001e68800000)]

Other Threads:
=>0x0000016f5f9c5ea0 VMThread "VM Thread" [stack: 0x0000001e66000000,0x0000001e66100000] [id=13852]
  0x0000016f4ddace30 WatcherThread [stack: 0x0000001e67100000,0x0000001e67200000] [id=26108]
  0x0000016f4dd90850 GCTaskThread "GC Thread#0" [stack: 0x0000001e65b00000,0x0000001e65c00000] [id=21352]
  0x0000016f60abdc80 GCTaskThread "GC Thread#1" [stack: 0x0000001e67200000,0x0000001e67300000] [id=19288]
  0x0000016f60e65810 GCTaskThread "GC Thread#2" [stack: 0x0000001e67300000,0x0000001e67400000] [id=12876]
  0x0000016f60e65ac0 GCTaskThread "GC Thread#3" [stack: 0x0000001e67400000,0x0000001e67500000] [id=1308]
  0x0000016f60e65d70 GCTaskThread "GC Thread#4" [stack: 0x0000001e67500000,0x0000001e67600000] [id=24592]
  0x0000016f60e66020 GCTaskThread "GC Thread#5" [stack: 0x0000001e67600000,0x0000001e67700000] [id=17976]
  0x0000016f60e702f0 GCTaskThread "GC Thread#6" [stack: 0x0000001e67700000,0x0000001e67800000] [id=23560]
  0x0000016f60e711c0 GCTaskThread "GC Thread#7" [stack: 0x0000001e67800000,0x0000001e67900000] [id=19444]
  0x0000016f4dda1440 ConcurrentGCThread "G1 Main Marker" [stack: 0x0000001e65c00000,0x0000001e65d00000] [id=22076]
  0x0000016f4dda1d60 ConcurrentGCThread "G1 Conc#0" [stack: 0x0000001e65d00000,0x0000001e65e00000] [id=10348]
  0x0000016f624b2530 ConcurrentGCThread "G1 Conc#1" [stack: 0x0000001e68300000,0x0000001e68400000] [id=6004]
  0x0000016f4de0d510 ConcurrentGCThread "G1 Refine#0" [stack: 0x0000001e65e00000,0x0000001e65f00000] [id=4152]
  0x0000016f60e73cd0 ConcurrentGCThread "G1 Refine#1" [stack: 0x0000001e67900000,0x0000001e67a00000] [id=10284]
  0x0000016f605ee070 ConcurrentGCThread "G1 Refine#2" [stack: 0x0000001e67a00000,0x0000001e67b00000] [id=18740]
  0x0000016f5f874210 ConcurrentGCThread "G1 Service" [stack: 0x0000001e65f00000,0x0000001e66000000] [id=9612]

Threads with active compile tasks:

VM state: at safepoint (normal execution)

VM Mutex/Monitor currently owned by a thread:  ([mutex/lock_event])
[0x0000016f4bd4b9f0] Threads_lock - owner thread: 0x0000016f5f9c5ea0
[0x0000016f4bd4ad90] Heap_lock - owner thread: 0x0000016f67337bd0

Heap address: 0x0000000085000000, size: 1968 MB, Compressed Oops mode: 32-bit

CDS archive(s) mapped at: [0x0000000800000000-0x0000000800bc0000-0x0000000800bc0000), size 12320768, SharedBaseAddress: 0x0000000800000000, ArchiveRelocationMode: 0.
Compressed class space mapped at: 0x0000000800c00000-0x0000000840c00000, reserved size: 1073741824
Narrow klass base: 0x0000000800000000, Narrow klass shift: 0, Narrow klass range: 0x100000000

GC Precious Log:
 CPUs: 8 total, 8 available
 Memory: 7865M
 Large Page Support: Disabled
 NUMA Support: Disabled
 Compressed Oops: Enabled (32-bit)
 Heap Region Size: 1M
 Heap Min Capacity: 8M
 Heap Initial Capacity: 124M
 Heap Max Capacity: 1968M
 Pre-touch: Disabled
 Parallel Workers: 8
 Concurrent Workers: 2
 Concurrent Refinement Workers: 8
 Periodic GC: Disabled

Heap:
 garbage-first heap   total 150528K, used 47183K [0x0000000085000000, 0x0000000100000000)
  region size 1024K, 5 young (5120K), 5 survivors (5120K)
 Metaspace       used 94032K, committed 94784K, reserved 1130496K
  class space    used 13774K, committed 14144K, reserved 1048576K

Heap Regions: E=young(eden), S=young(survivor), O=old, HS=humongous(starts), HC=humongous(continues), CS=collection set, F=free, OA=open archive, CA=closed archive, TAMS=top-at-mark-start (previous, next)
|   0|0x0000000085000000, 0x0000000085100000, 0x0000000085100000|100%|HS|  |TAMS 0x0000000085100000, 0x0000000085000000| Untracked 
|   1|0x0000000085100000, 0x0000000085200000, 0x0000000085200000|100%|HS|  |TAMS 0x0000000085200000, 0x0000000085100000| Untracked 
|   2|0x0000000085200000, 0x0000000085300000, 0x0000000085300000|100%| O|  |TAMS 0x0000000085300000, 0x0000000085200000| Untracked 
|   3|0x0000000085300000, 0x0000000085400000, 0x0000000085400000|100%| O|  |TAMS 0x0000000085400000, 0x0000000085300000| Untracked 
|   4|0x0000000085400000, 0x0000000085500000, 0x0000000085500000|100%| O|  |TAMS 0x0000000085500000, 0x0000000085400000| Untracked 
|   5|0x0000000085500000, 0x0000000085600000, 0x0000000085600000|100%| O|  |TAMS 0x0000000085600000, 0x0000000085500000| Untracked 
|   6|0x0000000085600000, 0x00000000856ffff8, 0x0000000085700000| 99%| O|  |TAMS 0x0000000085600000, 0x0000000085600000| Untracked 
|   7|0x0000000085700000, 0x0000000085800000, 0x0000000085800000|100%| O|  |TAMS 0x0000000085700000, 0x0000000085700000| Untracked 
|   8|0x0000000085800000, 0x0000000085900000, 0x0000000085900000|100%| O|  |TAMS 0x0000000085900000, 0x0000000085800000| Untracked 
|   9|0x0000000085900000, 0x00000000859ffff0, 0x0000000085a00000| 99%| O|  |TAMS 0x0000000085900000, 0x0000000085900000| Untracked 
|  10|0x0000000085a00000, 0x0000000085afffd8, 0x0000000085b00000| 99%| O|  |TAMS 0x0000000085a00000, 0x0000000085a00000| Untracked 
|  11|0x0000000085b00000, 0x0000000085bffff8, 0x0000000085c00000| 99%| O|  |TAMS 0x0000000085b00000, 0x0000000085b00000| Untracked 
|  12|0x0000000085c00000, 0x0000000085cfffc8, 0x0000000085d00000| 99%| O|  |TAMS 0x0000000085c00000, 0x0000000085c00000| Untracked 
|  13|0x0000000085d00000, 0x0000000085dffff8, 0x0000000085e00000| 99%| O|  |TAMS 0x0000000085d00000, 0x0000000085d00000| Untracked 
|  14|0x0000000085e00000, 0x0000000085f00000, 0x0000000085f00000|100%| O|  |TAMS 0x0000000085e00000, 0x0000000085e00000| Untracked 
|  15|0x0000000085f00000, 0x0000000085ffff90, 0x0000000086000000| 99%| O|  |TAMS 0x0000000085f00000, 0x0000000085f00000| Untracked 
|  16|0x0000000086000000, 0x00000000860fffe8, 0x0000000086100000| 99%| O|  |TAMS 0x0000000086000000, 0x0000000086000000| Untracked 
|  17|0x0000000086100000, 0x00000000861fffd8, 0x0000000086200000| 99%| O|  |TAMS 0x0000000086100000, 0x0000000086100000| Untracked 
|  18|0x0000000086200000, 0x00000000862fffe8, 0x0000000086300000| 99%| O|  |TAMS 0x0000000086200000, 0x0000000086200000| Untracked 
|  19|0x0000000086300000, 0x00000000863fffd8, 0x0000000086400000| 99%| O|  |TAMS 0x0000000086300000, 0x0000000086300000| Untracked 
|  20|0x0000000086400000, 0x00000000864fffc0, 0x0000000086500000| 99%| O|  |TAMS 0x0000000086400000, 0x0000000086400000| Untracked 
|  21|0x0000000086500000, 0x00000000865fffc8, 0x0000000086600000| 99%| O|  |TAMS 0x0000000086500000, 0x0000000086500000| Untracked 
|  22|0x0000000086600000, 0x00000000866fffd0, 0x0000000086700000| 99%| O|  |TAMS 0x0000000086600000, 0x0000000086600000| Untracked 
|  23|0x0000000086700000, 0x00000000867fffe0, 0x0000000086800000| 99%| O|  |TAMS 0x0000000086700000, 0x0000000086700000| Untracked 
|  24|0x0000000086800000, 0x00000000868fffe8, 0x0000000086900000| 99%| O|  |TAMS 0x0000000086800000, 0x0000000086800000| Untracked 
|  25|0x0000000086900000, 0x00000000869ffff0, 0x0000000086a00000| 99%| O|  |TAMS 0x0000000086900000, 0x0000000086900000| Untracked 
|  26|0x0000000086a00000, 0x0000000086afffc0, 0x0000000086b00000| 99%| O|  |TAMS 0x0000000086a00000, 0x0000000086a00000| Untracked 
|  27|0x0000000086b00000, 0x0000000086c00000, 0x0000000086c00000|100%| O|  |TAMS 0x0000000086c00000, 0x0000000086b00000| Untracked 
|  28|0x0000000086c00000, 0x0000000086cffff8, 0x0000000086d00000| 99%| O|  |TAMS 0x0000000086c00000, 0x0000000086c00000| Untracked 
|  29|0x0000000086d00000, 0x0000000086dffff8, 0x0000000086e00000| 99%| O|  |TAMS 0x0000000086d00000, 0x0000000086d00000| Untracked 
|  30|0x0000000086e00000, 0x0000000086ebd280, 0x0000000086f00000| 73%| O|  |TAMS 0x0000000086e00000, 0x0000000086e00000| Untracked 
|  31|0x0000000086f00000, 0x0000000086ffff58, 0x0000000087000000| 99%| O|  |TAMS 0x0000000086f00000, 0x0000000086f00000| Untracked 
|  32|0x0000000087000000, 0x00000000870fba88, 0x0000000087100000| 98%| O|  |TAMS 0x0000000087000000, 0x0000000087000000| Untracked 
|  33|0x0000000087100000, 0x00000000871f7080, 0x0000000087200000| 96%| O|  |TAMS 0x0000000087100000, 0x0000000087100000| Untracked 
|  34|0x0000000087200000, 0x00000000872ffff0, 0x0000000087300000| 99%| O|  |TAMS 0x0000000087200000, 0x0000000087200000| Untracked 
|  35|0x0000000087300000, 0x0000000087300000, 0x0000000087400000|  0%| F|  |TAMS 0x0000000087300000, 0x0000000087300000| Untracked 
|  36|0x0000000087400000, 0x00000000874ffff8, 0x0000000087500000| 99%| O|  |TAMS 0x0000000087400000, 0x0000000087400000| Untracked 
|  37|0x0000000087500000, 0x00000000875105b8, 0x0000000087600000|  6%| O|  |TAMS 0x0000000087500000, 0x0000000087500000| Untracked 
|  38|0x0000000087600000, 0x0000000087600000, 0x0000000087700000|  0%| F|  |TAMS 0x0000000087600000, 0x0000000087600000| Untracked 
|  39|0x0000000087700000, 0x00000000877ffff0, 0x0000000087800000| 99%| O|  |TAMS 0x0000000087700000, 0x0000000087700000| Untracked 
|  40|0x0000000087800000, 0x000000008783df28, 0x0000000087900000| 24%| O|  |TAMS 0x0000000087800000, 0x0000000087800000| Untracked 
|  41|0x0000000087900000, 0x0000000087900000, 0x0000000087a00000|  0%| F|  |TAMS 0x0000000087900000, 0x0000000087900000| Untracked 
|  42|0x0000000087a00000, 0x0000000087a00000, 0x0000000087b00000|  0%| F|  |TAMS 0x0000000087a00000, 0x0000000087a00000| Untracked 
|  43|0x0000000087b00000, 0x0000000087b00000, 0x0000000087c00000|  0%| F|  |TAMS 0x0000000087b00000, 0x0000000087b00000| Untracked 
|  44|0x0000000087c00000, 0x0000000087c00000, 0x0000000087d00000|  0%| F|  |TAMS 0x0000000087c00000, 0x0000000087c00000| Untracked 
|  45|0x0000000087d00000, 0x0000000087d00000, 0x0000000087e00000|  0%| F|  |TAMS 0x0000000087d00000, 0x0000000087d00000| Untracked 
|  46|0x0000000087e00000, 0x0000000087e00000, 0x0000000087f00000|  0%| F|  |TAMS 0x0000000087e00000, 0x0000000087e00000| Untracked 
|  47|0x0000000087f00000, 0x0000000087f00000, 0x0000000088000000|  0%| F|  |TAMS 0x0000000087f00000, 0x0000000087f00000| Untracked 
|  48|0x0000000088000000, 0x0000000088000000, 0x0000000088100000|  0%| F|  |TAMS 0x0000000088000000, 0x0000000088000000| Untracked 
|  49|0x0000000088100000, 0x00000000881ffff8, 0x0000000088200000| 99%| O|  |TAMS 0x0000000088100000, 0x0000000088100000| Untracked 
|  50|0x0000000088200000, 0x0000000088200000, 0x0000000088300000|  0%| F|  |TAMS 0x0000000088200000, 0x0000000088200000| Untracked 
|  51|0x0000000088300000, 0x0000000088300000, 0x0000000088400000|  0%| F|  |TAMS 0x0000000088300000, 0x0000000088300000| Untracked 
|  52|0x0000000088400000, 0x0000000088400000, 0x0000000088500000|  0%| F|  |TAMS 0x0000000088400000, 0x0000000088400000| Untracked 
|  53|0x0000000088500000, 0x0000000088500000, 0x0000000088600000|  0%| F|  |TAMS 0x0000000088500000, 0x0000000088500000| Untracked 
|  54|0x0000000088600000, 0x00000000886160a0, 0x0000000088700000|  8%| O|  |TAMS 0x0000000088600000, 0x0000000088600000| Untracked 
|  55|0x0000000088700000, 0x0000000088700000, 0x0000000088800000|  0%| F|  |TAMS 0x0000000088700000, 0x0000000088700000| Untracked 
|  56|0x0000000088800000, 0x0000000088800000, 0x0000000088900000|  0%| F|  |TAMS 0x0000000088800000, 0x0000000088800000| Untracked 
|  57|0x0000000088900000, 0x0000000088900000, 0x0000000088a00000|  0%| F|  |TAMS 0x0000000088900000, 0x0000000088900000| Untracked 
|  58|0x0000000088a00000, 0x0000000088a00000, 0x0000000088b00000|  0%| F|  |TAMS 0x0000000088a00000, 0x0000000088a00000| Untracked 
|  59|0x0000000088b00000, 0x0000000088b00000, 0x0000000088c00000|  0%| F|  |TAMS 0x0000000088b00000, 0x0000000088b00000| Untracked 
|  60|0x0000000088c00000, 0x0000000088c00000, 0x0000000088d00000|  0%| F|  |TAMS 0x0000000088c00000, 0x0000000088c00000| Untracked 
|  61|0x0000000088d00000, 0x0000000088d00000, 0x0000000088e00000|  0%| F|  |TAMS 0x0000000088d00000, 0x0000000088d00000| Untracked 
|  62|0x0000000088e00000, 0x0000000088e00000, 0x0000000088f00000|  0%| F|  |TAMS 0x0000000088e00000, 0x0000000088e00000| Untracked 
|  63|0x0000000088f00000, 0x0000000088f00000, 0x0000000089000000|  0%| F|  |TAMS 0x0000000088f00000, 0x0000000088f00000| Untracked 
|  64|0x0000000089000000, 0x0000000089000000, 0x0000000089100000|  0%| F|  |TAMS 0x0000000089000000, 0x0000000089000000| Untracked 
|  65|0x0000000089100000, 0x0000000089100000, 0x0000000089200000|  0%| F|  |TAMS 0x0000000089100000, 0x0000000089100000| Untracked 
|  66|0x0000000089200000, 0x0000000089200000, 0x0000000089300000|  0%| F|  |TAMS 0x0000000089200000, 0x0000000089200000| Untracked 
|  67|0x0000000089300000, 0x0000000089400000, 0x0000000089400000|100%| S|CS|TAMS 0x0000000089300000, 0x0000000089300000| Complete 
|  68|0x0000000089400000, 0x0000000089500000, 0x0000000089500000|100%| S|CS|TAMS 0x0000000089400000, 0x0000000089400000| Complete 
|  69|0x0000000089500000, 0x0000000089600000, 0x0000000089600000|100%| S|CS|TAMS 0x0000000089500000, 0x0000000089500000| Complete 
|  70|0x0000000089600000, 0x0000000089600000, 0x0000000089700000|  0%| F|  |TAMS 0x0000000089600000, 0x0000000089600000| Untracked 
|  71|0x0000000089700000, 0x0000000089700000, 0x0000000089800000|  0%| F|  |TAMS 0x0000000089700000, 0x0000000089700000| Untracked 
|  72|0x0000000089800000, 0x0000000089800000, 0x0000000089900000|  0%| F|  |TAMS 0x0000000089800000, 0x0000000089800000| Untracked 
|  73|0x0000000089900000, 0x0000000089a00000, 0x0000000089a00000|100%| S|CS|TAMS 0x0000000089900000, 0x0000000089900000| Complete 
|  74|0x0000000089a00000, 0x0000000089b00000, 0x0000000089b00000|100%| S|CS|TAMS 0x0000000089a00000, 0x0000000089a00000| Complete 
|  75|0x0000000089b00000, 0x0000000089b00000, 0x0000000089c00000|  0%| F|  |TAMS 0x0000000089b00000, 0x0000000089b00000| Untracked 
|  76|0x0000000089c00000, 0x0000000089c00000, 0x0000000089d00000|  0%| F|  |TAMS 0x0000000089c00000, 0x0000000089c00000| Untracked 
|  77|0x0000000089d00000, 0x0000000089d00000, 0x0000000089e00000|  0%| F|  |TAMS 0x0000000089d00000, 0x0000000089d00000| Untracked 
|  78|0x0000000089e00000, 0x0000000089e00000, 0x0000000089f00000|  0%| F|  |TAMS 0x0000000089e00000, 0x0000000089e00000| Untracked 
|  79|0x0000000089f00000, 0x0000000089f00000, 0x000000008a000000|  0%| F|  |TAMS 0x0000000089f00000, 0x0000000089f00000| Untracked 
|  80|0x000000008a000000, 0x000000008a000000, 0x000000008a100000|  0%| F|  |TAMS 0x000000008a000000, 0x000000008a000000| Untracked 
|  81|0x000000008a100000, 0x000000008a100000, 0x000000008a200000|  0%| F|  |TAMS 0x000000008a100000, 0x000000008a100000| Untracked 
|  82|0x000000008a200000, 0x000000008a200000, 0x000000008a300000|  0%| F|  |TAMS 0x000000008a200000, 0x000000008a200000| Untracked 
|  83|0x000000008a300000, 0x000000008a300000, 0x000000008a400000|  0%| F|  |TAMS 0x000000008a300000, 0x000000008a300000| Untracked 
|  84|0x000000008a400000, 0x000000008a400000, 0x000000008a500000|  0%| F|  |TAMS 0x000000008a400000, 0x000000008a400000| Untracked 
|  85|0x000000008a500000, 0x000000008a500000, 0x000000008a600000|  0%| F|  |TAMS 0x000000008a500000, 0x000000008a500000| Untracked 
|  86|0x000000008a600000, 0x000000008a600000, 0x000000008a700000|  0%| F|  |TAMS 0x000000008a600000, 0x000000008a600000| Untracked 
|  87|0x000000008a700000, 0x000000008a800000, 0x000000008a800000|100%| O|  |TAMS 0x000000008a800000, 0x000000008a700000| Untracked 
|  88|0x000000008a800000, 0x000000008a900000, 0x000000008a900000|100%| O|  |TAMS 0x000000008a900000, 0x000000008a800000| Untracked 
|  89|0x000000008a900000, 0x000000008aa00000, 0x000000008aa00000|100%| O|  |TAMS 0x000000008aa00000, 0x000000008a900000| Untracked 
|  90|0x000000008aa00000, 0x000000008aa00000, 0x000000008ab00000|  0%| F|  |TAMS 0x000000008aa00000, 0x000000008aa00000| Untracked 
|  91|0x000000008ab00000, 0x000000008ab00000, 0x000000008ac00000|  0%| F|  |TAMS 0x000000008ab00000, 0x000000008ab00000| Untracked 
|  92|0x000000008ac00000, 0x000000008ac00000, 0x000000008ad00000|  0%| F|  |TAMS 0x000000008ac00000, 0x000000008ac00000| Untracked 
|  93|0x000000008ad00000, 0x000000008ad00000, 0x000000008ae00000|  0%| F|  |TAMS 0x000000008ad00000, 0x000000008ad00000| Untracked 
|  94|0x000000008ae00000, 0x000000008ae00000, 0x000000008af00000|  0%| F|  |TAMS 0x000000008ae00000, 0x000000008ae00000| Untracked 
|  95|0x000000008af00000, 0x000000008af00000, 0x000000008b000000|  0%| F|  |TAMS 0x000000008af00000, 0x000000008af00000| Untracked 
|  96|0x000000008b000000, 0x000000008b000000, 0x000000008b100000|  0%| F|  |TAMS 0x000000008b000000, 0x000000008b000000| Untracked 
|  97|0x000000008b100000, 0x000000008b100000, 0x000000008b200000|  0%| F|  |TAMS 0x000000008b100000, 0x000000008b100000| Untracked 
|  98|0x000000008b200000, 0x000000008b200000, 0x000000008b300000|  0%| F|  |TAMS 0x000000008b200000, 0x000000008b200000| Untracked 
|  99|0x000000008b300000, 0x000000008b300000, 0x000000008b400000|  0%| F|  |TAMS 0x000000008b300000, 0x000000008b300000| Untracked 
| 100|0x000000008b400000, 0x000000008b400000, 0x000000008b500000|  0%| F|  |TAMS 0x000000008b400000, 0x000000008b400000| Untracked 
| 101|0x000000008b500000, 0x000000008b500000, 0x000000008b600000|  0%| F|  |TAMS 0x000000008b500000, 0x000000008b500000| Untracked 
| 102|0x000000008b600000, 0x000000008b600000, 0x000000008b700000|  0%| F|  |TAMS 0x000000008b600000, 0x000000008b600000| Untracked 
| 103|0x000000008b700000, 0x000000008b700000, 0x000000008b800000|  0%| F|  |TAMS 0x000000008b700000, 0x000000008b700000| Untracked 
| 104|0x000000008b800000, 0x000000008b800000, 0x000000008b900000|  0%| F|  |TAMS 0x000000008b800000, 0x000000008b800000| Untracked 
| 105|0x000000008b900000, 0x000000008b900000, 0x000000008ba00000|  0%| F|  |TAMS 0x000000008b900000, 0x000000008b900000| Untracked 
| 106|0x000000008ba00000, 0x000000008ba00000, 0x000000008bb00000|  0%| F|  |TAMS 0x000000008ba00000, 0x000000008ba00000| Untracked 
| 107|0x000000008bb00000, 0x000000008bb00000, 0x000000008bc00000|  0%| F|  |TAMS 0x000000008bb00000, 0x000000008bb00000| Untracked 
| 108|0x000000008bc00000, 0x000000008bc00000, 0x000000008bd00000|  0%| F|  |TAMS 0x000000008bc00000, 0x000000008bc00000| Untracked 
| 109|0x000000008bd00000, 0x000000008bd00000, 0x000000008be00000|  0%| F|  |TAMS 0x000000008bd00000, 0x000000008bd00000| Untracked 
| 110|0x000000008be00000, 0x000000008be00000, 0x000000008bf00000|  0%| F|  |TAMS 0x000000008be00000, 0x000000008be00000| Untracked 
| 111|0x000000008bf00000, 0x000000008bf00000, 0x000000008c000000|  0%| F|  |TAMS 0x000000008bf00000, 0x000000008bf00000| Untracked 
| 112|0x000000008c000000, 0x000000008c000000, 0x000000008c100000|  0%| F|  |TAMS 0x000000008c000000, 0x000000008c000000| Untracked 
| 113|0x000000008c100000, 0x000000008c100000, 0x000000008c200000|  0%| F|  |TAMS 0x000000008c100000, 0x000000008c100000| Untracked 
| 114|0x000000008c200000, 0x000000008c200000, 0x000000008c300000|  0%| F|  |TAMS 0x000000008c200000, 0x000000008c200000| Untracked 
| 115|0x000000008c300000, 0x000000008c300000, 0x000000008c400000|  0%| F|  |TAMS 0x000000008c300000, 0x000000008c300000| Untracked 
| 116|0x000000008c400000, 0x000000008c400000, 0x000000008c500000|  0%| F|  |TAMS 0x000000008c400000, 0x000000008c400000| Untracked 
| 117|0x000000008c500000, 0x000000008c500000, 0x000000008c600000|  0%| F|  |TAMS 0x000000008c500000, 0x000000008c500000| Untracked 
| 118|0x000000008c600000, 0x000000008c600000, 0x000000008c700000|  0%| F|  |TAMS 0x000000008c600000, 0x000000008c600000| Untracked 
| 119|0x000000008c700000, 0x000000008c700000, 0x000000008c800000|  0%| F|  |TAMS 0x000000008c700000, 0x000000008c700000| Untracked 
| 120|0x000000008c800000, 0x000000008c800000, 0x000000008c900000|  0%| F|  |TAMS 0x000000008c800000, 0x000000008c800000| Untracked 
| 121|0x000000008c900000, 0x000000008c900000, 0x000000008ca00000|  0%| F|  |TAMS 0x000000008c900000, 0x000000008c900000| Untracked 
| 122|0x000000008ca00000, 0x000000008ca00000, 0x000000008cb00000|  0%| F|  |TAMS 0x000000008ca00000, 0x000000008ca00000| Untracked 
| 123|0x000000008cb00000, 0x000000008cb00000, 0x000000008cc00000|  0%| F|  |TAMS 0x000000008cb00000, 0x000000008cb00000| Untracked 
| 124|0x000000008cc00000, 0x000000008cc00000, 0x000000008cd00000|  0%| F|  |TAMS 0x000000008cc00000, 0x000000008cc00000| Untracked 
| 125|0x000000008cd00000, 0x000000008cd00000, 0x000000008ce00000|  0%| F|  |TAMS 0x000000008cd00000, 0x000000008cd00000| Untracked 
| 126|0x000000008ce00000, 0x000000008ce00000, 0x000000008cf00000|  0%| F|  |TAMS 0x000000008ce00000, 0x000000008ce00000| Untracked 
| 127|0x000000008cf00000, 0x000000008cf00000, 0x000000008d000000|  0%| F|  |TAMS 0x000000008cf00000, 0x000000008cf00000| Untracked 
| 128|0x000000008d000000, 0x000000008d000000, 0x000000008d100000|  0%| F|  |TAMS 0x000000008d000000, 0x000000008d000000| Untracked 
| 129|0x000000008d100000, 0x000000008d100000, 0x000000008d200000|  0%| F|  |TAMS 0x000000008d100000, 0x000000008d100000| Untracked 
| 130|0x000000008d200000, 0x000000008d200000, 0x000000008d300000|  0%| F|  |TAMS 0x000000008d200000, 0x000000008d200000| Untracked 
| 131|0x000000008d300000, 0x000000008d300000, 0x000000008d400000|  0%| F|  |TAMS 0x000000008d300000, 0x000000008d300000| Untracked 
| 132|0x000000008d400000, 0x000000008d400000, 0x000000008d500000|  0%| F|  |TAMS 0x000000008d400000, 0x000000008d400000| Untracked 
| 133|0x000000008d500000, 0x000000008d500000, 0x000000008d600000|  0%| F|  |TAMS 0x000000008d500000, 0x000000008d500000| Untracked 
| 134|0x000000008d600000, 0x000000008d600000, 0x000000008d700000|  0%| F|  |TAMS 0x000000008d600000, 0x000000008d600000| Untracked 
| 135|0x000000008d700000, 0x000000008d700000, 0x000000008d800000|  0%| F|  |TAMS 0x000000008d700000, 0x000000008d700000| Untracked 
| 136|0x000000008d800000, 0x000000008d800000, 0x000000008d900000|  0%| F|  |TAMS 0x000000008d800000, 0x000000008d800000| Untracked 
| 137|0x000000008d900000, 0x000000008d900000, 0x000000008da00000|  0%| F|  |TAMS 0x000000008d900000, 0x000000008d900000| Untracked 
| 138|0x000000008da00000, 0x000000008da00000, 0x000000008db00000|  0%| F|  |TAMS 0x000000008da00000, 0x000000008da00000| Untracked 
| 139|0x000000008db00000, 0x000000008db00000, 0x000000008dc00000|  0%| F|  |TAMS 0x000000008db00000, 0x000000008db00000| Untracked 
| 140|0x000000008dc00000, 0x000000008dc00000, 0x000000008dd00000|  0%| F|  |TAMS 0x000000008dc00000, 0x000000008dc00000| Untracked 
| 141|0x000000008dd00000, 0x000000008dd00000, 0x000000008de00000|  0%| F|  |TAMS 0x000000008dd00000, 0x000000008dd00000| Untracked 
| 142|0x000000008de00000, 0x000000008de00000, 0x000000008df00000|  0%| F|  |TAMS 0x000000008de00000, 0x000000008de00000| Untracked 
| 143|0x000000008df00000, 0x000000008df00000, 0x000000008e000000|  0%| F|  |TAMS 0x000000008df00000, 0x000000008df00000| Untracked 
| 144|0x000000008e000000, 0x000000008e000000, 0x000000008e100000|  0%| F|  |TAMS 0x000000008e000000, 0x000000008e000000| Untracked 
| 145|0x000000008e100000, 0x000000008e100000, 0x000000008e200000|  0%| F|  |TAMS 0x000000008e100000, 0x000000008e100000| Untracked 
| 146|0x000000008e200000, 0x000000008e200000, 0x000000008e300000|  0%| F|  |TAMS 0x000000008e200000, 0x000000008e200000| Untracked 

Card table byte_map: [0x0000016f58a20000,0x0000016f58e00000] _byte_map_base: 0x0000016f585f8000

Marking Bits (Prev, Next): (CMBitMap*) 0x0000016f4dd90d70, (CMBitMap*) 0x0000016f4dd90db0
 Prev Bits: [0x0000016f591e0000, 0x0000016f5b0a0000)
 Next Bits: [0x0000016f5b0a0000, 0x0000016f5cf60000)

Polling page: 0x0000016f4bee0000

Metaspace:

Usage:
  Non-class:     78.38 MB used.
      Class:     13.45 MB used.
       Both:     91.83 MB used.

Virtual space:
  Non-class space:       80.00 MB reserved,      78.75 MB ( 98%) committed,  10 nodes.
      Class space:        1.00 GB reserved,      13.81 MB (  1%) committed,  1 nodes.
             Both:        1.08 GB reserved,      92.56 MB (  8%) committed. 

Chunk freelists:
   Non-Class:  1.07 MB
       Class:  2.06 MB
        Both:  3.13 MB

MaxMetaspaceSize: unlimited
CompressedClassSpaceSize: 1.00 GB
Initial GC threshold: 21.00 MB
Current GC threshold: 153.69 MB
CDS: on
MetaspaceReclaimPolicy: balanced
 - commit_granule_bytes: 65536.
 - commit_granule_words: 8192.
 - virtual_space_node_default_size: 1048576.
 - enlarge_chunks_in_place: 1.
 - new_chunks_are_fully_committed: 0.
 - uncommit_free_chunks: 1.
 - use_allocation_guard: 0.
 - handle_deallocations: 1.


Internal statistics:

num_allocs_failed_limit: 9.
num_arena_births: 1168.
num_arena_deaths: 26.
num_vsnodes_births: 11.
num_vsnodes_deaths: 0.
num_space_committed: 1479.
num_space_uncommitted: 0.
num_chunks_returned_to_freelist: 47.
num_chunks_taken_from_freelist: 4624.
num_chunk_merges: 14.
num_chunk_splits: 3316.
num_chunks_enlarged: 2539.
num_purges: 2.
num_inconsistent_stats: 0.

CodeCache: size=49152Kb used=17087Kb max_used=17087Kb free=32064Kb
 bounds [0x0000016f55530000, 0x0000016f565e0000, 0x0000016f58530000]
 total_blobs=10382 nmethods=9602 adapters=705
 compilation: enabled
              stopped_count=0, restarted_count=0
 full_count=0

Compilation events (20 events):
Event: 42.189 Thread 0x0000016f5f9f2c30 9594       1       org.hibernate.type.BasicType::getMappedJavaType (7 bytes)
Event: 42.190 Thread 0x0000016f5f9f2c30 nmethod 9594 0x0000016f565dd810 code [0x0000016f565dd9a0, 0x0000016f565dda88]
Event: 42.190 Thread 0x0000016f64476c80 9595       1       org.hibernate.type.spi.TypeConfiguration::getBasicTypeRegistry (5 bytes)
Event: 42.190 Thread 0x0000016f64476c80 nmethod 9595 0x0000016f565ddb10 code [0x0000016f565ddca0, 0x0000016f565ddd78]
Event: 42.190 Thread 0x0000016f64476c80 9596       1       org.hibernate.mapping.SimpleValue::getColumn (14 bytes)
Event: 42.190 Thread 0x0000016f5f9f2c30 9597       1       org.hibernate.type.descriptor.java.AbstractClassJavaType::getMutabilityPlan (5 bytes)
Event: 42.190 Thread 0x0000016f64476c80 nmethod 9596 0x0000016f565dde10 code [0x0000016f565ddfa0, 0x0000016f565de0e8]
Event: 42.190 Thread 0x0000016f5f9f2c30 nmethod 9597 0x0000016f565de190 code [0x0000016f565de320, 0x0000016f565de3f8]
Event: 42.192 Thread 0x0000016f5f9f2c30 9598       1       java.util.ServiceLoader$2::hasNext (30 bytes)
Event: 42.192 Thread 0x0000016f5f9f2c30 nmethod 9598 0x0000016f565de490 code [0x0000016f565de640, 0x0000016f565de778]
Event: 42.193 Thread 0x0000016f5f9f2c30 9599       1       org.hibernate.boot.internal.InFlightMetadataCollectorImpl::getMetadataBuildingOptions (5 bytes)
Event: 42.193 Thread 0x0000016f5f9f2c30 nmethod 9599 0x0000016f565de810 code [0x0000016f565de9a0, 0x0000016f565dea78]
Event: 42.196 Thread 0x0000016f5f9f2c30 9600       1       net.bytebuddy.matcher.MethodSortMatcher$Sort::getMatcher (5 bytes)
Event: 42.196 Thread 0x0000016f5f9f2c30 nmethod 9600 0x0000016f565deb10 code [0x0000016f565deca0, 0x0000016f565ded78]
Event: 42.199 Thread 0x0000016f64476c80 9601   !   1       jdk.proxy2.$Proxy108::annotationType (29 bytes)
Event: 42.199 Thread 0x0000016f64476c80 nmethod 9601 0x0000016f565dee10 code [0x0000016f565defc0, 0x0000016f565df1d8]
Event: 42.200 Thread 0x0000016f5f9f2c30 9602       1       net.bytebuddy.utility.CompoundList::of (39 bytes)
Event: 42.200 Thread 0x0000016f5f9f2c30 nmethod 9602 0x0000016f565df310 code [0x0000016f565df4e0, 0x0000016f565df6a8]
Event: 42.201 Thread 0x0000016f64476c80 9603       1       java.util.ServiceLoader$LazyClassPathLookupIterator::hasNext (42 bytes)
Event: 42.201 Thread 0x0000016f64476c80 nmethod 9603 0x0000016f565df810 code [0x0000016f565dfa00, 0x0000016f565dfc78]

GC Heap History (20 events):
Event: 7.865 GC heap after
{Heap after GC invocations=23 (full 0):
 garbage-first heap   total 86016K, used 37202K [0x0000000085000000, 0x0000000100000000)
  region size 1024K, 6 young (6144K), 6 survivors (6144K)
 Metaspace       used 69566K, committed 70208K, reserved 1114112K
  class space    used 10271K, committed 10560K, reserved 1048576K
}
Event: 7.910 GC heap before
{Heap before GC invocations=23 (full 0):
 garbage-first heap   total 86016K, used 66898K [0x0000000085000000, 0x0000000100000000)
  region size 1024K, 35 young (35840K), 6 survivors (6144K)
 Metaspace       used 69573K, committed 70208K, reserved 1114112K
  class space    used 10271K, committed 10560K, reserved 1048576K
}
Event: 7.917 GC heap after
{Heap after GC invocations=24 (full 0):
 garbage-first heap   total 86016K, used 42633K [0x0000000085000000, 0x0000000100000000)
  region size 1024K, 5 young (5120K), 5 survivors (5120K)
 Metaspace       used 69573K, committed 70208K, reserved 1114112K
  class space    used 10271K, committed 10560K, reserved 1048576K
}
Event: 7.980 GC heap before
{Heap before GC invocations=24 (full 0):
 garbage-first heap   total 86016K, used 67209K [0x0000000085000000, 0x0000000100000000)
  region size 1024K, 29 young (29696K), 5 survivors (5120K)
 Metaspace       used 69574K, committed 70208K, reserved 1114112K
  class space    used 10271K, committed 10560K, reserved 1048576K
}
Event: 7.987 GC heap after
{Heap after GC invocations=25 (full 0):
 garbage-first heap   total 163840K, used 49548K [0x0000000085000000, 0x0000000100000000)
  region size 1024K, 4 young (4096K), 4 survivors (4096K)
 Metaspace       used 69574K, committed 70208K, reserved 1114112K
  class space    used 10271K, committed 10560K, reserved 1048576K
}
Event: 8.482 GC heap before
{Heap before GC invocations=25 (full 0):
 garbage-first heap   total 163840K, used 110988K [0x0000000085000000, 0x0000000100000000)
  region size 1024K, 64 young (65536K), 4 survivors (4096K)
 Metaspace       used 74952K, committed 75648K, reserved 1114112K
  class space    used 10992K, committed 11328K, reserved 1048576K
}
Event: 8.493 GC heap after
{Heap after GC invocations=26 (full 0):
 garbage-first heap   total 163840K, used 52833K [0x0000000085000000, 0x0000000100000000)
  region size 1024K, 8 young (8192K), 8 survivors (8192K)
 Metaspace       used 74952K, committed 75648K, reserved 1114112K
  class space    used 10992K, committed 11328K, reserved 1048576K
}
Event: 9.300 GC heap before
{Heap before GC invocations=26 (full 0):
 garbage-first heap   total 163840K, used 115297K [0x0000000085000000, 0x0000000100000000)
  region size 1024K, 69 young (70656K), 8 survivors (8192K)
 Metaspace       used 79549K, committed 80256K, reserved 1122304K
  class space    used 11680K, committed 11968K, reserved 1048576K
}
Event: 9.308 GC heap after
{Heap after GC invocations=27 (full 0):
 garbage-first heap   total 163840K, used 56155K [0x0000000085000000, 0x0000000100000000)
  region size 1024K, 7 young (7168K), 7 survivors (7168K)
 Metaspace       used 79549K, committed 80256K, reserved 1122304K
  class space    used 11680K, committed 11968K, reserved 1048576K
}
Event: 10.090 GC heap before
{Heap before GC invocations=27 (full 0):
 garbage-first heap   total 163840K, used 119643K [0x0000000085000000, 0x0000000100000000)
  region size 1024K, 69 young (70656K), 7 survivors (7168K)
 Metaspace       used 84444K, committed 85184K, reserved 1122304K
  class space    used 12402K, committed 12800K, reserved 1048576K
}
Event: 10.097 GC heap after
{Heap after GC invocations=28 (full 0):
 garbage-first heap   total 163840K, used 60925K [0x0000000085000000, 0x0000000100000000)
  region size 1024K, 9 young (9216K), 9 survivors (9216K)
 Metaspace       used 84444K, committed 85184K, reserved 1122304K
  class space    used 12402K, committed 12800K, reserved 1048576K
}
Event: 40.945 GC heap before
{Heap before GC invocations=28 (full 0):
 garbage-first heap   total 163840K, used 122365K [0x0000000085000000, 0x0000000100000000)
  region size 1024K, 70 young (71680K), 9 survivors (9216K)
 Metaspace       used 93536K, committed 94336K, reserved 1130496K
  class space    used 13695K, committed 14080K, reserved 1048576K
}
Event: 40.951 GC heap after
{Heap after GC invocations=29 (full 0):
 garbage-first heap   total 163840K, used 63945K [0x0000000085000000, 0x0000000100000000)
  region size 1024K, 8 young (8192K), 8 survivors (8192K)
 Metaspace       used 93536K, committed 94336K, reserved 1130496K
  class space    used 13695K, committed 14080K, reserved 1048576K
}
Event: 41.069 GC heap before
{Heap before GC invocations=29 (full 0):
 garbage-first heap   total 163840K, used 65993K [0x0000000085000000, 0x0000000100000000)
  region size 1024K, 11 young (11264K), 8 survivors (8192K)
 Metaspace       used 93631K, committed 94400K, reserved 1130496K
  class space    used 13717K, committed 14080K, reserved 1048576K
}
Event: 41.149 GC heap after
{Heap after GC invocations=30 (full 1):
 garbage-first heap   total 150528K, used 42063K [0x0000000085000000, 0x0000000100000000)
  region size 1024K, 0 young (0K), 0 survivors (0K)
 Metaspace       used 93597K, committed 94400K, reserved 1130496K
  class space    used 13711K, committed 14080K, reserved 1048576K
}
Event: 41.871 GC heap before
{Heap before GC invocations=30 (full 1):
 garbage-first heap   total 150528K, used 108623K [0x0000000085000000, 0x0000000100000000)
  region size 1024K, 66 young (67584K), 0 survivors (0K)
 Metaspace       used 93926K, committed 94720K, reserved 1130496K
  class space    used 13756K, committed 14144K, reserved 1048576K
}
Event: 41.875 GC heap after
{Heap after GC invocations=31 (full 1):
 garbage-first heap   total 150528K, used 47115K [0x0000000085000000, 0x0000000100000000)
  region size 1024K, 5 young (5120K), 5 survivors (5120K)
 Metaspace       used 93926K, committed 94720K, reserved 1130496K
  class space    used 13756K, committed 14144K, reserved 1048576K
}
Event: 41.882 GC heap before
{Heap before GC invocations=31 (full 1):
 garbage-first heap   total 150528K, used 111627K [0x0000000085000000, 0x0000000100000000)
  region size 1024K, 69 young (70656K), 5 survivors (5120K)
 Metaspace       used 93926K, committed 94720K, reserved 1130496K
  class space    used 13756K, committed 14144K, reserved 1048576K
}
Event: 41.884 GC heap after
{Heap after GC invocations=32 (full 1):
 garbage-first heap   total 150528K, used 46806K [0x0000000085000000, 0x0000000100000000)
  region size 1024K, 5 young (5120K), 5 survivors (5120K)
 Metaspace       used 93926K, committed 94720K, reserved 1130496K
  class space    used 13756K, committed 14144K, reserved 1048576K
}
Event: 42.203 GC heap before
{Heap before GC invocations=32 (full 1):
 garbage-first heap   total 150528K, used 114390K [0x0000000085000000, 0x0000000100000000)
  region size 1024K, 72 young (73728K), 5 survivors (5120K)
 Metaspace       used 94032K, committed 94784K, reserved 1130496K
  class space    used 13774K, committed 14144K, reserved 1048576K
}

Deoptimization events (20 events):
Event: 0.694 Thread 0x0000016f4bd4de30 DEOPT PACKING pc=0x0000016f55846685 sp=0x0000001e65afdda0
Event: 0.694 Thread 0x0000016f4bd4de30 DEOPT UNPACKING pc=0x0000016f55586763 sp=0x0000001e65afd300 mode 3
Event: 0.817 Thread 0x0000016f4bd4de30 DEOPT PACKING pc=0x0000016f55892f75 sp=0x0000001e65afd660
Event: 0.817 Thread 0x0000016f4bd4de30 DEOPT UNPACKING pc=0x0000016f55586763 sp=0x0000001e65afcab8 mode 3
Event: 1.465 Thread 0x0000016f60b49c70 DEOPT PACKING pc=0x0000016f55afa619 sp=0x0000001e67cfd080
Event: 1.465 Thread 0x0000016f60b49c70 DEOPT UNPACKING pc=0x0000016f55586763 sp=0x0000001e67cfc560 mode 3
Event: 1.654 Thread 0x0000016f60b49c70 DEOPT PACKING pc=0x0000016f55b6efd5 sp=0x0000001e67cfcef0
Event: 1.654 Thread 0x0000016f60b49c70 DEOPT UNPACKING pc=0x0000016f55586763 sp=0x0000001e67cfc398 mode 3
Event: 3.077 Thread 0x0000016f60b49c70 DEOPT PACKING pc=0x0000016f55db8cc0 sp=0x0000001e67cfc210
Event: 3.077 Thread 0x0000016f60b49c70 DEOPT UNPACKING pc=0x0000016f55586763 sp=0x0000001e67cfb680 mode 3
Event: 3.517 Thread 0x0000016f60b49c70 DEOPT PACKING pc=0x0000016f55e6741d sp=0x0000001e67cfc880
Event: 3.517 Thread 0x0000016f60b49c70 DEOPT UNPACKING pc=0x0000016f55586763 sp=0x0000001e67cfbde8 mode 3
Event: 6.572 Thread 0x0000016f60b49c70 DEOPT PACKING pc=0x0000016f56164f8c sp=0x0000001e67cfc950
Event: 6.572 Thread 0x0000016f60b49c70 DEOPT UNPACKING pc=0x0000016f55586763 sp=0x0000001e67cfbec8 mode 0
Event: 8.109 Thread 0x0000016f60b49c70 DEOPT PACKING pc=0x0000016f56278299 sp=0x0000001e67cfc0d0
Event: 8.109 Thread 0x0000016f60b49c70 DEOPT UNPACKING pc=0x0000016f55586763 sp=0x0000001e67cfb5b0 mode 3
Event: 8.725 Thread 0x0000016f6202e490 DEOPT PACKING pc=0x0000016f5635ecbc sp=0x0000001e68efdb00
Event: 8.725 Thread 0x0000016f6202e490 DEOPT UNPACKING pc=0x0000016f55586763 sp=0x0000001e68efcf80 mode 3
Event: 8.901 Thread 0x0000016f60b492d0 DEOPT PACKING pc=0x0000016f5606644c sp=0x0000001e67ffe940
Event: 8.901 Thread 0x0000016f60b492d0 DEOPT UNPACKING pc=0x0000016f55586763 sp=0x0000001e67ffde68 mode 0

Classes unloaded (13 events):
Event: 41.089 Thread 0x0000016f5f9c5ea0 Unloading class 0x0000000801796400 'jdk/internal/reflect/GeneratedSerializationConstructorAccessor24'
Event: 41.089 Thread 0x0000016f5f9c5ea0 Unloading class 0x0000000801796000 'jdk/internal/reflect/GeneratedSerializationConstructorAccessor23'
Event: 41.089 Thread 0x0000016f5f9c5ea0 Unloading class 0x0000000801795c00 'jdk/internal/reflect/GeneratedSerializationConstructorAccessor22'
Event: 41.089 Thread 0x0000016f5f9c5ea0 Unloading class 0x0000000801794800 'jdk/internal/reflect/GeneratedSerializationConstructorAccessor21'
Event: 41.089 Thread 0x0000016f5f9c5ea0 Unloading class 0x0000000801794400 'jdk/internal/reflect/GeneratedSerializationConstructorAccessor20'
Event: 41.089 Thread 0x0000016f5f9c5ea0 Unloading class 0x0000000801768400 'java/lang/invoke/LambdaForm$DMH+0x0000000801768400'
Event: 41.089 Thread 0x0000016f5f9c5ea0 Unloading class 0x0000000801754000 'java/lang/invoke/LambdaForm$DMH+0x0000000801754000'
Event: 41.089 Thread 0x0000016f5f9c5ea0 Unloading class 0x0000000801754400 'java/lang/invoke/LambdaForm$DMH+0x0000000801754400'
Event: 41.089 Thread 0x0000016f5f9c5ea0 Unloading class 0x000000080172c400 'java/lang/invoke/LambdaForm$DMH+0x000000080172c400'
Event: 41.089 Thread 0x0000016f5f9c5ea0 Unloading class 0x0000000801725c00 'java/lang/invoke/LambdaForm$DMH+0x0000000801725c00'
Event: 41.089 Thread 0x0000016f5f9c5ea0 Unloading class 0x0000000801725400 'java/lang/invoke/LambdaForm$DMH+0x0000000801725400'
Event: 41.089 Thread 0x0000016f5f9c5ea0 Unloading class 0x00000008016b4800 'jdk/internal/reflect/GeneratedSerializationConstructorAccessor19'
Event: 41.089 Thread 0x0000016f5f9c5ea0 Unloading class 0x00000008016ac000 'jdk/internal/reflect/GeneratedSerializationConstructorAccessor18'

Classes redefined (0 events):
No events

Internal exceptions (20 events):
Event: 41.687 Thread 0x0000016f67337bd0 Exception <a 'sun/nio/fs/WindowsException'{0x000000008c680d98}> (0x000000008c680d98) 
thrown [t:\workspace\open\src\hotspot\share\prims\jni.cpp, line 516]
Event: 41.688 Thread 0x0000016f67337bd0 Exception <a 'sun/nio/fs/WindowsException'{0x000000008c688d98}> (0x000000008c688d98) 
thrown [t:\workspace\open\src\hotspot\share\prims\jni.cpp, line 516]
Event: 41.814 Thread 0x0000016f67337bd0 Exception <a 'java/lang/NoClassDefFoundError'{0x000000008ba46f98}: org/flywaydb/core/Flyway> (0x000000008ba46f98) 
thrown [t:\workspace\open\src\hotspot\share\oops\constantPool.cpp, line 835]
Event: 41.814 Thread 0x0000016f67337bd0 Exception <a 'java/lang/NoClassDefFoundError'{0x000000008ba475e8}: liquibase/integration/spring/SpringLiquibase> (0x000000008ba475e8) 
thrown [t:\workspace\open\src\hotspot\share\oops\constantPool.cpp, line 835]
Event: 41.817 Thread 0x0000016f67337bd0 Exception <a 'java/lang/NoClassDefFoundError'{0x000000008ba6eb20}: org/springframework/batch/core/repository/JobRepository> (0x000000008ba6eb20) 
thrown [t:\workspace\open\src\hotspot\share\oops\constantPool.cpp, line 835]
Event: 41.817 Thread 0x0000016f67337bd0 Exception <a 'java/lang/NoClassDefFoundError'{0x000000008ba6f168}: org/quartz/Scheduler> (0x000000008ba6f168) 
thrown [t:\workspace\open\src\hotspot\share\oops\constantPool.cpp, line 835]
Event: 41.817 Thread 0x0000016f67337bd0 Exception <a 'java/lang/NoClassDefFoundError'{0x000000008ba6f7d8}: org/springframework/session/jdbc/JdbcIndexedSessionRepository> (0x000000008ba6f7d8) 
thrown [t:\workspace\open\src\hotspot\share\oops\constantPool.cpp, line 835]
Event: 41.825 Thread 0x0000016f67337bd0 Exception <a 'java/lang/NoClassDefFoundError'{0x000000008baf2f58}: org/jooq/DSLContext> (0x000000008baf2f58) 
thrown [t:\workspace\open\src\hotspot\share\oops\constantPool.cpp, line 835]
Event: 41.894 Thread 0x0000016f67337bd0 Exception <a 'sun/nio/fs/WindowsException'{0x000000008b37e358}> (0x000000008b37e358) 
thrown [t:\workspace\open\src\hotspot\share\prims\jni.cpp, line 516]
Event: 41.894 Thread 0x0000016f67337bd0 Exception <a 'sun/nio/fs/WindowsException'{0x000000008b37e960}> (0x000000008b37e960) 
thrown [t:\workspace\open\src\hotspot\share\prims\jni.cpp, line 516]
Event: 41.894 Thread 0x0000016f67337bd0 Exception <a 'sun/nio/fs/WindowsException'{0x000000008b37f038}> (0x000000008b37f038) 
thrown [t:\workspace\open\src\hotspot\share\prims\jni.cpp, line 516]
Event: 41.918 Thread 0x0000016f67337bd0 Exception <a 'java/io/FileNotFoundException'{0x000000008b3d0978}> (0x000000008b3d0978) 
thrown [t:\workspace\open\src\hotspot\share\prims\jni.cpp, line 516]
Event: 41.960 Thread 0x0000016f67337bd0 Exception <a 'java/io/FileNotFoundException'{0x000000008ad01570}> (0x000000008ad01570) 
thrown [t:\workspace\open\src\hotspot\share\prims\jni.cpp, line 516]
Event: 41.995 Thread 0x0000016f67337bd0 Exception <a 'sun/nio/fs/WindowsException'{0x000000008a44a0a8}> (0x000000008a44a0a8) 
thrown [t:\workspace\open\src\hotspot\share\prims\jni.cpp, line 516]
Event: 41.996 Thread 0x0000016f67337bd0 Exception <a 'sun/nio/fs/WindowsException'{0x000000008a450aa8}> (0x000000008a450aa8) 
thrown [t:\workspace\open\src\hotspot\share\prims\jni.cpp, line 516]
Event: 41.996 Thread 0x0000016f67337bd0 Exception <a 'sun/nio/fs/WindowsException'{0x000000008a4575d8}> (0x000000008a4575d8) 
thrown [t:\workspace\open\src\hotspot\share\prims\jni.cpp, line 516]
Event: 41.997 Thread 0x0000016f67337bd0 Exception <a 'sun/nio/fs/WindowsException'{0x000000008a45cb38}> (0x000000008a45cb38) 
thrown [t:\workspace\open\src\hotspot\share\prims\jni.cpp, line 516]
Event: 41.998 Thread 0x0000016f67337bd0 Exception <a 'sun/nio/fs/WindowsException'{0x000000008a466a58}> (0x000000008a466a58) 
thrown [t:\workspace\open\src\hotspot\share\prims\jni.cpp, line 516]
Event: 41.998 Thread 0x0000016f67337bd0 Exception <a 'sun/nio/fs/WindowsException'{0x000000008a46bfe8}> (0x000000008a46bfe8) 
thrown [t:\workspace\open\src\hotspot\share\prims\jni.cpp, line 516]
Event: 42.000 Thread 0x0000016f67337bd0 Exception <a 'sun/nio/fs/WindowsException'{0x000000008a474188}> (0x000000008a474188) 
thrown [t:\workspace\open\src\hotspot\share\prims\jni.cpp, line 516]

VM Operations (20 events):
Event: 31.154 Executing VM operation: Cleanup done
Event: 32.168 Executing VM operation: Cleanup
Event: 32.168 Executing VM operation: Cleanup done
Event: 39.234 Executing VM operation: Cleanup
Event: 39.234 Executing VM operation: Cleanup done
Event: 40.945 Executing VM operation: G1CollectForAllocation
Event: 40.951 Executing VM operation: G1CollectForAllocation done
Event: 41.069 Executing VM operation: G1CollectFull
Event: 41.150 Executing VM operation: G1CollectFull done
Event: 41.214 Executing VM operation: ICBufferFull
Event: 41.216 Executing VM operation: ICBufferFull done
Event: 41.293 Executing VM operation: ICBufferFull
Event: 41.307 Executing VM operation: ICBufferFull done
Event: 41.769 Executing VM operation: ICBufferFull
Event: 41.769 Executing VM operation: ICBufferFull done
Event: 41.871 Executing VM operation: G1CollectForAllocation
Event: 41.875 Executing VM operation: G1CollectForAllocation done
Event: 41.882 Executing VM operation: G1CollectForAllocation
Event: 41.884 Executing VM operation: G1CollectForAllocation done
Event: 42.203 Executing VM operation: G1CollectForAllocation

Events (20 events):
Event: 40.963 Thread 0x0000016f67337230 Thread added: 0x0000016f67337230
Event: 40.963 Thread 0x0000016f62032cc0 Thread exited: 0x0000016f62032cc0
Event: 41.061 Thread 0x0000016f67337230 Thread exited: 0x0000016f67337230
Event: 41.068 Thread 0x0000016f620327f0 Thread exited: 0x0000016f620327f0
Event: 41.068 Thread 0x0000016f6202ee30 Thread exited: 0x0000016f6202ee30
Event: 41.068 Thread 0x0000016f62032320 Thread exited: 0x0000016f62032320
Event: 41.151 loading class java/lang/ref/Finalizer$2
Event: 41.152 loading class java/lang/ref/Finalizer$2 done
Event: 41.152 loading class java/lang/ref/Finalizer$1
Event: 41.153 loading class java/lang/ref/Finalizer$1 done
Event: 41.155 Thread 0x0000016f67337bd0 Thread added: 0x0000016f67337bd0
Event: 41.155 Thread 0x0000016f67337bd0 Thread exited: 0x0000016f67337bd0
Event: 41.155 Thread 0x0000016f67337bd0 Thread added: 0x0000016f67337bd0
Event: 41.448 Thread 0x0000016f67337700 Thread added: 0x0000016f67337700
Event: 41.488 Thread 0x0000016f67337700 Thread exited: 0x0000016f67337700
Event: 41.961 Thread 0x0000016f67332530 Thread added: 0x0000016f67332530
Event: 41.961 Thread 0x0000016f67332a00 Thread added: 0x0000016f67332a00
Event: 41.961 Thread 0x0000016f67337700 Thread added: 0x0000016f67337700
Event: 42.127 Thread 0x0000016f67336d60 Thread added: 0x0000016f67336d60
Event: 42.145 Thread 0x0000016f64476c80 Thread added: 0x0000016f64476c80


Dynamic libraries:
0x00007ff761f50000 - 0x00007ff761f5e000 	C:\Program Files\jdk-17\bin\javaw.exe
0x00007ffd40350000 - 0x00007ffd40548000 	C:\Windows\SYSTEM32\ntdll.dll
0x00007ffd3f050000 - 0x00007ffd3f112000 	C:\Windows\System32\KERNEL32.DLL
0x00007ffd3e070000 - 0x00007ffd3e36e000 	C:\Windows\System32\KERNELBASE.dll
0x00007ffd3df70000 - 0x00007ffd3e070000 	C:\Windows\System32\ucrtbase.dll
0x00007ffd33420000 - 0x00007ffd33438000 	C:\Program Files\jdk-17\bin\jli.dll
0x00007ffd333b0000 - 0x00007ffd333ca000 	C:\Program Files\jdk-17\bin\VCRUNTIME140.dll
0x00007ffd3f6e0000 - 0x00007ffd3f87d000 	C:\Windows\System32\USER32.dll
0x00007ffd3db30000 - 0x00007ffd3db52000 	C:\Windows\System32\win32u.dll
0x00007ffd3f8e0000 - 0x00007ffd3f90b000 	C:\Windows\System32\GDI32.dll
0x00007ffd3db60000 - 0x00007ffd3dc77000 	C:\Windows\System32\gdi32full.dll
0x00007ffd3ded0000 - 0x00007ffd3df6d000 	C:\Windows\System32\msvcp_win.dll
0x00007ffd274a0000 - 0x00007ffd2773a000 	C:\Windows\WinSxS\amd64_microsoft.windows.common-controls_6595b64144ccf1df_6.0.19041.4355_none_60b8b9eb71f62e16\COMCTL32.dll
0x00007ffd3f9d0000 - 0x00007ffd3fa6e000 	C:\Windows\System32\msvcrt.dll
0x00007ffd3f120000 - 0x00007ffd3f14f000 	C:\Windows\System32\IMM32.DLL
0x00007ffd333a0000 - 0x00007ffd333ac000 	C:\Program Files\jdk-17\bin\vcruntime140_1.dll
0x00007ffd285b0000 - 0x00007ffd2863d000 	C:\Program Files\jdk-17\bin\msvcp140.dll
0x00007ffce83a0000 - 0x00007ffce8f5e000 	C:\Program Files\jdk-17\bin\server\jvm.dll
0x00007ffd3f910000 - 0x00007ffd3f9c1000 	C:\Windows\System32\ADVAPI32.dll
0x00007ffd3e420000 - 0x00007ffd3e4bf000 	C:\Windows\System32\sechost.dll
0x00007ffd3fa70000 - 0x00007ffd3fb93000 	C:\Windows\System32\RPCRT4.dll
0x00007ffd3dcf0000 - 0x00007ffd3dd17000 	C:\Windows\System32\bcrypt.dll
0x00007ffd3eec0000 - 0x00007ffd3eec8000 	C:\Windows\System32\PSAPI.DLL
0x00007ffd23120000 - 0x00007ffd23129000 	C:\Windows\SYSTEM32\WSOCK32.dll
0x00007ffd27900000 - 0x00007ffd27927000 	C:\Windows\SYSTEM32\WINMM.dll
0x00007ffd3f2a0000 - 0x00007ffd3f30b000 	C:\Windows\System32\WS2_32.dll
0x00007ffd30b80000 - 0x00007ffd30b8a000 	C:\Windows\SYSTEM32\VERSION.dll
0x00007ffd3c210000 - 0x00007ffd3c222000 	C:\Windows\SYSTEM32\kernel.appcore.dll
0x00007ffd33100000 - 0x00007ffd3310a000 	C:\Program Files\jdk-17\bin\jimage.dll
0x00007ffd3bfc0000 - 0x00007ffd3c1a4000 	C:\Windows\SYSTEM32\DBGHELP.DLL
0x00007ffd271d0000 - 0x00007ffd27204000 	C:\Windows\SYSTEM32\dbgcore.DLL
0x00007ffd3daa0000 - 0x00007ffd3db22000 	C:\Windows\System32\bcryptPrimitives.dll
0x00007ffd32ee0000 - 0x00007ffd32f05000 	C:\Program Files\jdk-17\bin\java.dll
0x00007ffcfa870000 - 0x00007ffcfa946000 	C:\Program Files\jdk-17\bin\svml.dll
0x00007ffd3fba0000 - 0x00007ffd4030d000 	C:\Windows\System32\SHELL32.dll
0x00007ffd3b740000 - 0x00007ffd3bee4000 	C:\Windows\SYSTEM32\windows.storage.dll
0x00007ffd3eae0000 - 0x00007ffd3ee33000 	C:\Windows\System32\combase.dll
0x00007ffd3d420000 - 0x00007ffd3d44e000 	C:\Windows\SYSTEM32\Wldp.dll
0x00007ffd3f370000 - 0x00007ffd3f43d000 	C:\Windows\System32\OLEAUT32.dll
0x00007ffd3f620000 - 0x00007ffd3f6cd000 	C:\Windows\System32\SHCORE.dll
0x00007ffd3f310000 - 0x00007ffd3f365000 	C:\Windows\System32\shlwapi.dll
0x00007ffd3d920000 - 0x00007ffd3d944000 	C:\Windows\SYSTEM32\profapi.dll
0x00007ffd32650000 - 0x00007ffd32669000 	C:\Program Files\jdk-17\bin\net.dll
0x00007ffd375b0000 - 0x00007ffd376bd000 	C:\Windows\SYSTEM32\WINHTTP.dll
0x00007ffd3d180000 - 0x00007ffd3d1ea000 	C:\Windows\system32\mswsock.dll
0x00007ffd32630000 - 0x00007ffd32645000 	C:\Program Files\jdk-17\bin\nio.dll
0x00007ffd2bb20000 - 0x00007ffd2bb38000 	C:\Program Files\jdk-17\bin\zip.dll
0x00007ffd29a90000 - 0x00007ffd29a99000 	C:\Program Files\jdk-17\bin\management.dll
0x00007ffd29a80000 - 0x00007ffd29a8b000 	C:\Program Files\jdk-17\bin\management_ext.dll
0x00007ffd14cf0000 - 0x00007ffd14d07000 	C:\Windows\system32\napinsp.dll
0x00007ffd14cd0000 - 0x00007ffd14ceb000 	C:\Windows\system32\pnrpnsp.dll
0x00007ffd377c0000 - 0x00007ffd377d5000 	C:\Windows\system32\wshbth.dll
0x00007ffd37570000 - 0x00007ffd3758d000 	C:\Windows\system32\NLAapi.dll
0x00007ffd3ce10000 - 0x00007ffd3ce4b000 	C:\Windows\SYSTEM32\IPHLPAPI.DLL
0x00007ffd3ceb0000 - 0x00007ffd3cf7a000 	C:\Windows\SYSTEM32\DNSAPI.dll
0x00007ffd3f290000 - 0x00007ffd3f298000 	C:\Windows\System32\NSI.dll
0x00007ffd14cb0000 - 0x00007ffd14cc2000 	C:\Windows\System32\winrnr.dll
0x00007ffd34dd0000 - 0x00007ffd34dda000 	C:\Windows\System32\rasadhlp.dll
0x00007ffd34150000 - 0x00007ffd341d0000 	C:\Windows\System32\fwpuclnt.dll
0x00007ffd3d370000 - 0x00007ffd3d388000 	C:\Windows\SYSTEM32\CRYPTSP.dll
0x00007ffd3ca30000 - 0x00007ffd3ca64000 	C:\Windows\system32\rsaenh.dll
0x00007ffd3d8a0000 - 0x00007ffd3d8ce000 	C:\Windows\SYSTEM32\USERENV.dll
0x00007ffd3d390000 - 0x00007ffd3d39c000 	C:\Windows\SYSTEM32\CRYPTBASE.dll
0x00007ffd34e40000 - 0x00007ffd34e57000 	C:\Windows\SYSTEM32\dhcpcsvc6.DLL
0x00007ffd369e0000 - 0x00007ffd369fd000 	C:\Windows\SYSTEM32\dhcpcsvc.DLL
0x00007ffd29a70000 - 0x00007ffd29a7e000 	C:\Program Files\jdk-17\bin\sunmscapi.dll
0x00007ffd3dd20000 - 0x00007ffd3de7c000 	C:\Windows\System32\CRYPT32.dll
0x00007ffd3d490000 - 0x00007ffd3d4b7000 	C:\Windows\SYSTEM32\ncrypt.dll
0x00007ffd3d450000 - 0x00007ffd3d48b000 	C:\Windows\SYSTEM32\NTASN1.dll
0x00007ffd29a40000 - 0x00007ffd29a50000 	C:\Program Files\jdk-17\bin\verify.dll
0x00007ffd29a30000 - 0x00007ffd29a37000 	C:\Windows\system32\wshunix.dll

dbghelp: loaded successfully - version: 4.0.5 - missing functions: none
symbol engine: initialized successfully - sym options: 0x614 - pdb path: .;C:\Program Files\jdk-17\bin;C:\Windows\SYSTEM32;C:\Windows\WinSxS\amd64_microsoft.windows.common-controls_6595b64144ccf1df_6.0.19041.4355_none_60b8b9eb71f62e16;C:\Program Files\jdk-17\bin\server

VM Arguments:
jvm_args: -Dcom.sun.management.jmxremote -Dcom.sun.management.jmxremote.port=54490 -Dcom.sun.management.jmxremote.authenticate=false -Dcom.sun.management.jmxremote.ssl=false -Djava.rmi.server.hostname=localhost -Dspring.jmx.enabled=true -Dmanagement.endpoints.jmx.exposure.include=* -Dspring.application.admin.enabled=true -XX:TieredStopAtLevel=1 -Dspring.boot.project.name=hammer_market_1227a -Dfile.encoding=UTF-8 -Dstdout.encoding=UTF-8 -Dstderr.encoding=UTF-8 -XX:+ShowCodeDetailsInExceptionMessages 
java_command: com.hammer.hammer.Application --spring.output.ansi.enabled=always
java_class_path (initial): C:\Lecture\Elice\Cloud\eclipse-workspace\hammer_market_1227a\bin\main;C:\Users\user\.gradle\caches\modules-2\files-2.1\org.projectlombok\lombok\1.18.36\5a30490a6e14977d97d9c73c924c1f1b5311ea95\lombok-1.18.36.jar;C:\Users\user\.gradle\caches\modules-2\files-2.1\org.springframework.boot\spring-boot-starter-data-mongodb\3.4.0\7285aa863f5d8f075dbb273674409fe0013a62a0\spring-boot-starter-data-mongodb-3.4.0.jar;C:\Users\user\.gradle\caches\modules-2\files-2.1\org.springframework.boot\spring-boot-starter-data-jpa\3.4.0\c6e24cab029e2b2ef36c4a5a5b1a82dbaa9d18c0\spring-boot-starter-data-jpa-3.4.0.jar;C:\Users\user\.gradle\caches\modules-2\files-2.1\org.springframework.boot\spring-boot-starter-jdbc\3.4.0\8e24eb3bee1a26a5b0ef58ad677ac3f6bf58a4ea\spring-boot-starter-jdbc-3.4.0.jar;C:\Users\user\.gradle\caches\modules-2\files-2.1\org.springframework.boot\spring-boot-starter-security\3.4.0\b4027ba9875f9d78ffec7010da88c1e5b964d6ed\spring-boot-starter-security-3.4.0.jar;C:\Users\user\.gradle\caches\modules-2\files-2.1\org.springframework.boot\spring-boot-starter-thymeleaf\3.4.0\1ec7fdf829d485800146ec333d6e30af9fbc4830\spring-boot-starter-thymeleaf-3.4.0.jar;C:\Users\user\.gradle\caches\modules-2\files-2.1\org.springframework.boot\spring-boot-starter-validation\3.4.0\580aad0cdaf9d9f862e9703a612db95846055843\spring-boot-starter-validation-3.4.0.jar;C:\Users\user\.gradle\caches\modules-2\files-2.1\org.springframework.boot\spring-boot-starter-websocket\3.4.0\212614049d7748372e4aace3089228591b1c2dba\spring-boot-starter-websocket-3.4.0.jar;C:\Users\user\.gradle\caches\modules-2\files-2.1\org.springframework.boot\spring-boot-starter-web\3.4.0\5447a62dc3dee3eadf2def23314e0db4c81bb3\spring-boot-starter-web-3.4.0.jar;C:\Users\user\.gradle\caches\modules-2\files-2.1\org.thymeleaf.extras\thymeleaf-extras-springsecurity6\3.1.2.RELEASE\574c188eb147191e2f162419e9fc780fcf3256d7\thymeleaf-extras-springsecurity6-3.1.2.RELEASE.jar;C:\Users\user\.gradle\caches\modules-2\fil
Launcher Type: SUN_STANDARD

[Global flags]
     intx CICompilerCount                          = 4                                         {product} {ergonomic}
     uint ConcGCThreads                            = 2                                         {product} {ergonomic}
     uint G1ConcRefinementThreads                  = 8                                         {product} {ergonomic}
   size_t G1HeapRegionSize                         = 1048576                                   {product} {ergonomic}
    uintx GCDrainStackTargetSize                   = 64                                        {product} {ergonomic}
   size_t InitialHeapSize                          = 130023424                                 {product} {ergonomic}
     bool ManagementServer                         = true                                      {product} {command line}
   size_t MarkStackSize                            = 4194304                                   {product} {ergonomic}
   size_t MaxHeapSize                              = 2063597568                                {product} {ergonomic}
   size_t MaxNewSize                               = 1237319680                                {product} {ergonomic}
   size_t MinHeapDeltaBytes                        = 1048576                                   {product} {ergonomic}
   size_t MinHeapSize                              = 8388608                                   {product} {ergonomic}
    uintx NonProfiledCodeHeapSize                  = 0                                      {pd product} {ergonomic}
     bool ProfileInterpreter                       = false                                  {pd product} {command line}
    uintx ProfiledCodeHeapSize                     = 0                                      {pd product} {ergonomic}
     bool ShowCodeDetailsInExceptionMessages       = true                                   {manageable} {command line}
   size_t SoftMaxHeapSize                          = 2063597568                             {manageable} {ergonomic}
     intx TieredStopAtLevel                        = 1                                         {product} {command line}
     bool UseCompressedClassPointers               = true                           {product lp64_product} {ergonomic}
     bool UseCompressedOops                        = true                           {product lp64_product} {ergonomic}
     bool UseG1GC                                  = true                                      {product} {ergonomic}
     bool UseLargePagesIndividualAllocation        = false                                  {pd product} {ergonomic}

Logging:
Log output configuration:
 #0: stdout all=warning uptime,level,tags
 #1: stderr all=off uptime,level,tags

Environment Variables:
JAVA_HOME=C:\Program Files\jdk-17
PATH=C:/Lecture/Elice/Cloud/eclipse//plugins/org.eclipse.justj.openjdk.hotspot.jre.full.win32.x86_64_21.0.5.v20241023-1957/jre/bin/server;C:/Lecture/Elice/Cloud/eclipse//plugins/org.eclipse.justj.openjdk.hotspot.jre.full.win32.x86_64_21.0.5.v20241023-1957/jre/bin;C:\Program Files\jdk-17bin;C:\app\leeha\product\21c\dbhomeXE\bin;C:\Program Files\Eclipse Foundation\jdk-8.0.302.8-hotspot\bin;C:\windows\system32;C:\windows;C:\windows\System32\Wbem;C:\windows\System32\WindowsPowerShell\v1.0\;C:\windows\System32\OpenSSH\;C:\Program Files (x86)\NVIDIA Corporation\PhysX\Common;C:\Program Files\NVIDIA Corporation\NVIDIA NvDLISR;C:\Program Files\dotnet\;C:\Program Files\Azure Data Studio\bin;C:\Program Files (x86)\dotnet\;C:\Program Files (x86)\Microsoft SQL Server\160\Tools\Binn\;C:\Program Files\Microsoft SQL Server\160\Tools\Binn\;C:\Program Files\Microsoft SQL Server\Client SDK\ODBC\170\Tools\Binn\;C:\Program Files\Microsoft SQL Server\160\DTS\Binn\;C:\Program Files (x86)\Microsoft SQL Server\160\DTS\Binn\;C:\Program Files\IBM\SPSS\Statistics\23\JRE\bin;C:\Lecture\Elice\Cloud\mariadb-11.4.3-winx64\mariadb-11.4.3-winx64\bin;C:\Users\user\AppData\Local\Programs\Python\Python311\Scripts\;C:\Users\user\AppData\Local\Programs\Python\Python311\;C:\Users\user\AppData\Local\Microsoft\WindowsApps;C:\Users\user\AppData\Local\Programs\Microsoft VS Code\bin;C:\Users\user\AppData\Local\Programs\Git\cmd;C:\Lecture\Elice\Cloud\eclipse;
USERNAME=user
OS=Windows_NT
PROCESSOR_IDENTIFIER=Intel64 Family 6 Model 140 Stepping 1, GenuineIntel



---------------  S Y S T E M  ---------------

OS:
 Windows 10 , 64 bit Build 19041 (10.0.19041.5198)
OS uptime: 7 days 4:21 hours

CPU: total 8 (initial active 8) (4 cores per cpu, 2 threads per core) family 6 model 140 stepping 1 microcode 0xb4, cx8, cmov, fxsr, ht, mmx, 3dnowpref, sse, sse2, sse3, ssse3, sse4.1, sse4.2, popcnt, lzcnt, tsc, tscinvbit, avx, avx2, aes, erms, clmul, bmi1, bmi2, adx, avx512f, avx512dq, avx512cd, avx512bw, avx512vl, sha, fma, vzeroupper, avx512_vpopcntdq, avx512_vpclmulqdq, avx512_vaes, avx512_vnni, clflush, clflushopt, clwb, avx512_vbmi2, avx512_vbmi

Memory: 4k page, system-wide physical 7865M (299M free)
TotalPageFile size 32441M (AvailPageFile size 104M)
current process WorkingSet (physical memory assigned to process): 344M, peak: 352M
current process commit charge ("private bytes"): 384M, peak: 593M

vm_info: OpenJDK 64-Bit Server VM (17+35-2724) for windows-amd64 JRE (17+35-2724), built on Aug  5 2021 23:26:02 by "mach5one" with MS VC++ 16.8 (VS2019)

END.
